{
  "stats": {
    "suites": 4,
    "tests": 9,
    "passes": 7,
    "pending": 0,
    "failures": 2,
    "start": "2024-03-06T23:07:02.918Z",
    "end": "2024-03-06T23:07:25.487Z",
    "duration": 22569,
    "testsRegistered": 9,
    "passPercent": 77.77777777777779,
    "pendingPercent": 0,
    "other": 0,
    "hasOther": false,
    "skipped": 0,
    "hasSkipped": false
  },
  "results": [
    {
      "uuid": "ca4ff6fa-6013-4544-92de-3aaa997c19dc",
      "title": "",
      "fullFile": "cypress/e2e/App.cy.js",
      "file": "cypress/e2e/App.cy.js",
      "beforeHooks": [],
      "afterHooks": [],
      "tests": [],
      "suites": [
        {
          "uuid": "343fc28b-cb91-4093-b343-bb3ef46e889e",
          "title": "1 - Crie as rotas para a aplicação",
          "fullFile": "",
          "file": "",
          "beforeHooks": [],
          "afterHooks": [],
          "tests": [
            {
              "title": "Ao entrar na rota / é renderizado apenas o componente <Users />",
              "fullTitle": "1 - Crie as rotas para a aplicação Ao entrar na rota / é renderizado apenas o componente <Users />",
              "timedOut": null,
              "duration": 335,
              "state": "passed",
              "speed": "fast",
              "pass": true,
              "fail": false,
              "pending": false,
              "context": null,
              "code": "setup();\ncy.get('[data-testid=\"users-page\"]').should('exist');\ncy.get('[data-testid$=\"-page\"]').should('have.length', 1);",
              "err": {},
              "uuid": "008f267a-b0db-48fb-aa64-c9b3628216eb",
              "parentUUID": "343fc28b-cb91-4093-b343-bb3ef46e889e",
              "isHook": false,
              "skipped": false
            },
            {
              "title": "Ao entrar na rota /about é renderizado apenas o componente <About />",
              "fullTitle": "1 - Crie as rotas para a aplicação Ao entrar na rota /about é renderizado apenas o componente <About />",
              "timedOut": null,
              "duration": 124,
              "state": "passed",
              "speed": "fast",
              "pass": true,
              "fail": false,
              "pending": false,
              "context": null,
              "code": "setup('about');\ncy.get('[data-testid=\"about-page\"]').should('exist');\ncy.get('[data-testid$=\"-page\"]').should('have.length', 1);",
              "err": {},
              "uuid": "ede7d7e4-1861-47b7-991a-96e094997e86",
              "parentUUID": "343fc28b-cb91-4093-b343-bb3ef46e889e",
              "isHook": false,
              "skipped": false
            },
            {
              "title": "Ao entrar na rota /posts é renderizado apenas o componente <Posts />",
              "fullTitle": "1 - Crie as rotas para a aplicação Ao entrar na rota /posts é renderizado apenas o componente <Posts />",
              "timedOut": null,
              "duration": 109,
              "state": "passed",
              "speed": "fast",
              "pass": true,
              "fail": false,
              "pending": false,
              "context": null,
              "code": "setup('posts/id');\ncy.get('[data-testid=\"posts-page\"]').should('exist');\ncy.get('[data-testid$=\"-page\"]').should('have.length', 1);",
              "err": {},
              "uuid": "f112c01a-7007-4669-a22e-2da90941c59d",
              "parentUUID": "343fc28b-cb91-4093-b343-bb3ef46e889e",
              "isHook": false,
              "skipped": false
            },
            {
              "title": "Ao entrar em uma rota não existente é renderizado o componente <NotFound />",
              "fullTitle": "1 - Crie as rotas para a aplicação Ao entrar em uma rota não existente é renderizado o componente <NotFound />",
              "timedOut": null,
              "duration": 115,
              "state": "passed",
              "speed": "fast",
              "pass": true,
              "fail": false,
              "pending": false,
              "context": null,
              "code": "setup('not-found');\ncy.get('[data-testid=\"not-found-page\"]').should('exist');\ncy.get('[data-testid$=\"-page\"]').should('have.length', 1);",
              "err": {},
              "uuid": "4864bec2-5d5f-4df4-95f9-ec49b0546d01",
              "parentUUID": "343fc28b-cb91-4093-b343-bb3ef46e889e",
              "isHook": false,
              "skipped": false
            }
          ],
          "suites": [],
          "passes": [
            "008f267a-b0db-48fb-aa64-c9b3628216eb",
            "ede7d7e4-1861-47b7-991a-96e094997e86",
            "f112c01a-7007-4669-a22e-2da90941c59d",
            "4864bec2-5d5f-4df4-95f9-ec49b0546d01"
          ],
          "failures": [],
          "pending": [],
          "skipped": [],
          "duration": 683,
          "root": false,
          "rootEmpty": false,
          "_timeout": 2000
        },
        {
          "uuid": "38c02027-acd1-497c-9b77-ebb4f804c893",
          "title": "2- Crie dois NavLink dentro do componente Header",
          "fullFile": "",
          "file": "",
          "beforeHooks": [],
          "afterHooks": [],
          "tests": [
            {
              "title": "O primeiro NavLink deve possuir o texto \"Home\" e a rota \"/\"",
              "fullTitle": "2- Crie dois NavLink dentro do componente Header O primeiro NavLink deve possuir o texto \"Home\" e a rota \"/\"",
              "timedOut": null,
              "duration": 112,
              "state": "passed",
              "speed": "fast",
              "pass": true,
              "fail": false,
              "pending": false,
              "context": null,
              "code": "cy.get('a').contains(/home/i).should('have.attr', 'href', '/');",
              "err": {},
              "uuid": "d8ad6143-937e-41bd-9182-a039f5c30f9b",
              "parentUUID": "38c02027-acd1-497c-9b77-ebb4f804c893",
              "isHook": false,
              "skipped": false
            },
            {
              "title": "O segundo NavLink deve possuir o texto \"About\" e a rota \"/about\"",
              "fullTitle": "2- Crie dois NavLink dentro do componente Header O segundo NavLink deve possuir o texto \"About\" e a rota \"/about\"",
              "timedOut": null,
              "duration": 109,
              "state": "passed",
              "speed": "fast",
              "pass": true,
              "fail": false,
              "pending": false,
              "context": null,
              "code": "cy.get('a').contains(/about/i).should('have.attr', 'href', '/about');",
              "err": {},
              "uuid": "4186f8c9-5b87-4475-b5c5-29361f4e3cd1",
              "parentUUID": "38c02027-acd1-497c-9b77-ebb4f804c893",
              "isHook": false,
              "skipped": false
            }
          ],
          "suites": [],
          "passes": [
            "d8ad6143-937e-41bd-9182-a039f5c30f9b",
            "4186f8c9-5b87-4475-b5c5-29361f4e3cd1"
          ],
          "failures": [],
          "pending": [],
          "skipped": [],
          "duration": 221,
          "root": false,
          "rootEmpty": false,
          "_timeout": 2000
        },
        {
          "uuid": "2dad5836-0b34-4877-a58a-0614d6ec1985",
          "title": "3 - Crie um link para a página de posts de um usuário",
          "fullFile": "",
          "file": "",
          "beforeHooks": [],
          "afterHooks": [],
          "tests": [
            {
              "title": "O link deve possuir o texto \"Posts\" e a rota \"/posts/id\"",
              "fullTitle": "3 - Crie um link para a página de posts de um usuário O link deve possuir o texto \"Posts\" e a rota \"/posts/id\"",
              "timedOut": null,
              "duration": 132,
              "state": "passed",
              "speed": "fast",
              "pass": true,
              "fail": false,
              "pending": false,
              "context": null,
              "code": "for (let id = 1; id <= _data.users.length; id++) {\n  cy.get(`a[href=\"/posts/${id}\"]`).should('exist');\n}",
              "err": {},
              "uuid": "6b6dd6b0-3307-45c9-9f9a-2c59c29d9abb",
              "parentUUID": "2dad5836-0b34-4877-a58a-0614d6ec1985",
              "isHook": false,
              "skipped": false
            }
          ],
          "suites": [],
          "passes": [
            "6b6dd6b0-3307-45c9-9f9a-2c59c29d9abb"
          ],
          "failures": [],
          "pending": [],
          "skipped": [],
          "duration": 132,
          "root": false,
          "rootEmpty": false,
          "_timeout": 2000
        },
        {
          "uuid": "b28510fc-0ea8-4256-b997-19afa470199c",
          "title": "4 - Exiba os posts de um usuário",
          "fullFile": "",
          "file": "",
          "beforeHooks": [],
          "afterHooks": [],
          "tests": [
            {
              "title": "O componente <Posts /> deve renderizar apenas os posts do primeiro usuário",
              "fullTitle": "4 - Exiba os posts de um usuário O componente <Posts /> deve renderizar apenas os posts do primeiro usuário",
              "timedOut": null,
              "duration": 10241,
              "state": "failed",
              "speed": null,
              "pass": false,
              "fail": true,
              "pending": false,
              "context": null,
              "code": "setup('posts/1');\nconst othersPosts = _data.posts.filter(post => post.userId !== 1);\nothersPosts.forEach(post => {\n  cy.get('h2').should('not.contain', post.title);\n});\nconst userPosts = _data.posts.filter(post => post.userId === 1);\nuserPosts.forEach(post => {\n  cy.contains(post.title);\n});",
              "err": {
                "message": "AssertionError: Timed out retrying after 10000ms: Expected to find content: 'They rushed out the door.' but never did.",
                "estack": "AssertionError: Timed out retrying after 10000ms: Expected to find content: 'They rushed out the door.' but never did.\n    at eval (webpack://blogger/./cypress/e2e/App.cy.js:66:9)\nat Array.forEach (<anonymous>)\n    at Context.eval (webpack://blogger/./cypress/e2e/App.cy.js:65:14)",
                "diff": null
              },
              "uuid": "76dc8445-2a31-4ed9-aacc-d2c0ab2562f1",
              "parentUUID": "b28510fc-0ea8-4256-b997-19afa470199c",
              "isHook": false,
              "skipped": false
            },
            {
              "title": "O componente <Posts /> deve renderizar os posts do usuário",
              "fullTitle": "4 - Exiba os posts de um usuário O componente <Posts /> deve renderizar os posts do usuário",
              "timedOut": null,
              "duration": 10110,
              "state": "failed",
              "speed": null,
              "pass": false,
              "fail": true,
              "pending": false,
              "context": null,
              "code": "_data.users.forEach(user => {\n  setup(`posts/${user.id}`);\n  const userPosts = _data.posts.filter(post => post.userId === user.id);\n  userPosts.forEach(post => {\n    cy.contains(post.title);\n  });\n});",
              "err": {
                "message": "AssertionError: Timed out retrying after 10000ms: Expected to find content: 'They rushed out the door.' but never did.",
                "estack": "AssertionError: Timed out retrying after 10000ms: Expected to find content: 'They rushed out the door.' but never did.\n    at eval (webpack://blogger/./cypress/e2e/App.cy.js:76:11)\nat Array.forEach (<anonymous>)\n    at eval (webpack://blogger/./cypress/e2e/App.cy.js:75:16)\nat Array.forEach (<anonymous>)\n    at Context.eval (webpack://blogger/./cypress/e2e/App.cy.js:71:10)",
                "diff": null
              },
              "uuid": "d4b4baf3-c8a8-4238-af54-56afc3082f21",
              "parentUUID": "b28510fc-0ea8-4256-b997-19afa470199c",
              "isHook": false,
              "skipped": false
            }
          ],
          "suites": [],
          "passes": [],
          "failures": [
            "76dc8445-2a31-4ed9-aacc-d2c0ab2562f1",
            "d4b4baf3-c8a8-4238-af54-56afc3082f21"
          ],
          "pending": [],
          "skipped": [],
          "duration": 20351,
          "root": false,
          "rootEmpty": false,
          "_timeout": 2000
        }
      ],
      "passes": [],
      "failures": [],
      "pending": [],
      "skipped": [],
      "duration": 0,
      "root": true,
      "rootEmpty": true,
      "_timeout": 2000
    }
  ],
  "meta": {
    "mocha": {
      "version": "7.0.1"
    },
    "mochawesome": {
      "options": {
        "quiet": false,
        "reportFilename": "mochawesome",
        "saveHtml": false,
        "saveJson": true,
        "consoleReporter": "spec",
        "useInlineDiffs": false,
        "code": true
      },
      "version": "7.1.3"
    },
    "marge": {
      "options": {
        "id": "default",
        "reportDir": "cypress/reports",
        "overwrite": false,
        "html": false,
        "json": true
      },
      "version": "6.2.0"
    }
  }
}