{
  "stats": {
    "suites": 4,
    "tests": 8,
    "passes": 0,
    "pending": 0,
    "failures": 8,
    "start": "2024-03-06T21:03:49.832Z",
    "end": "2024-03-06T21:03:54.416Z",
    "duration": 4584,
    "testsRegistered": 9,
    "passPercent": 0,
    "pendingPercent": 0,
    "other": 0,
    "hasOther": false,
    "skipped": 1,
    "hasSkipped": true
  },
  "results": [
    {
      "uuid": "77ef6884-5402-484d-aed2-26ba8ebd6a4a",
      "title": "",
      "fullFile": "cypress/e2e/App.cy.js",
      "file": "cypress/e2e/App.cy.js",
      "beforeHooks": [],
      "afterHooks": [],
      "tests": [],
      "suites": [
        {
          "uuid": "8c9f1049-d091-4d96-9eb7-bc61b37ab99d",
          "title": "1 - Crie as rotas para a aplicação",
          "fullFile": "",
          "file": "",
          "beforeHooks": [],
          "afterHooks": [],
          "tests": [
            {
              "title": "Ao entrar na rota / é renderizado apenas o componente <Users />",
              "fullTitle": "1 - Crie as rotas para a aplicação Ao entrar na rota / é renderizado apenas o componente <Users />",
              "timedOut": null,
              "duration": 559,
              "state": "failed",
              "speed": null,
              "pass": false,
              "fail": true,
              "pending": false,
              "context": null,
              "code": "setup();\ncy.get('[data-testid=\"users-page\"]').should('exist');\ncy.get('[data-testid$=\"-page\"]').should('have.length', 1);",
              "err": {
                "message": "CypressError: `cy.visit()` failed trying to load:\n\nhttp://localhost:5173/\n\nWe attempted to make an http request to this URL but the request failed without a response.\n\nWe received this error at the network level:\n\n  > Error: connect ECONNREFUSED 127.0.0.1:5173\n\nCommon situations why this would fail:\n  - you don't have internet access\n  - you forgot to run / boot your web server\n  - your web server isn't accessible\n  - you have weird network configuration settings on your computer",
                "estack": "CypressError: `cy.visit()` failed trying to load:\n\nhttp://localhost:5173/\n\nWe attempted to make an http request to this URL but the request failed without a response.\n\nWe received this error at the network level:\n\n  > Error: connect ECONNREFUSED 127.0.0.1:5173\n\nCommon situations why this would fail:\n  - you don't have internet access\n  - you forgot to run / boot your web server\n  - your web server isn't accessible\n  - you have weird network configuration settings on your computer\n    at <unknown> (http://localhost:43855/__cypress/runner/cypress_runner.js:130312:74)\n    at visitFailedByErr (http://localhost:43855/__cypress/runner/cypress_runner.js:129704:12)\n    at <unknown> (http://localhost:43855/__cypress/runner/cypress_runner.js:130311:11)\n    at tryCatcher (http://localhost:43855/__cypress/runner/cypress_runner.js:1807:23)\n    at Promise._settlePromiseFromHandler (http://localhost:43855/__cypress/runner/cypress_runner.js:1519:31)\n    at Promise._settlePromise (http://localhost:43855/__cypress/runner/cypress_runner.js:1576:18)\n    at Promise._settlePromise0 (http://localhost:43855/__cypress/runner/cypress_runner.js:1621:10)\n    at Promise._settlePromises (http://localhost:43855/__cypress/runner/cypress_runner.js:1697:18)\n    at _drainQueueStep (http://localhost:43855/__cypress/runner/cypress_runner.js:2407:12)\n    at _drainQueue (http://localhost:43855/__cypress/runner/cypress_runner.js:2400:9)\n    at Async._drainQueues (http://localhost:43855/__cypress/runner/cypress_runner.js:2416:5)\n    at Async.drainQueues (http://localhost:43855/__cypress/runner/cypress_runner.js:2286:14)\nFrom Your Spec Code:\n    at setup (webpack://blogger/./cypress/e2e/App.cy.js:4:5)\n    at Context.eval (webpack://blogger/./cypress/e2e/App.cy.js:9:4)\n\nFrom Node.js Internals:\n  Error: connect ECONNREFUSED 127.0.0.1:5173\n      at TCPConnectWrap.afterConnect [as oncomplete] (node:net:1187:16)",
                "diff": null
              },
              "uuid": "e40b1c24-e964-4e3c-8122-66879a339f92",
              "parentUUID": "8c9f1049-d091-4d96-9eb7-bc61b37ab99d",
              "isHook": false,
              "skipped": false
            },
            {
              "title": "Ao entrar na rota /about é renderizado apenas o componente <About />",
              "fullTitle": "1 - Crie as rotas para a aplicação Ao entrar na rota /about é renderizado apenas o componente <About />",
              "timedOut": null,
              "duration": 556,
              "state": "failed",
              "speed": null,
              "pass": false,
              "fail": true,
              "pending": false,
              "context": null,
              "code": "setup('about');\ncy.get('[data-testid=\"about-page\"]').should('exist');\ncy.get('[data-testid$=\"-page\"]').should('have.length', 1);",
              "err": {
                "message": "CypressError: `cy.visit()` failed trying to load:\n\nhttp://localhost:5173/about\n\nWe attempted to make an http request to this URL but the request failed without a response.\n\nWe received this error at the network level:\n\n  > Error: connect ECONNREFUSED 127.0.0.1:5173\n\nCommon situations why this would fail:\n  - you don't have internet access\n  - you forgot to run / boot your web server\n  - your web server isn't accessible\n  - you have weird network configuration settings on your computer",
                "estack": "CypressError: `cy.visit()` failed trying to load:\n\nhttp://localhost:5173/about\n\nWe attempted to make an http request to this URL but the request failed without a response.\n\nWe received this error at the network level:\n\n  > Error: connect ECONNREFUSED 127.0.0.1:5173\n\nCommon situations why this would fail:\n  - you don't have internet access\n  - you forgot to run / boot your web server\n  - your web server isn't accessible\n  - you have weird network configuration settings on your computer\n    at <unknown> (http://localhost:43855/__cypress/runner/cypress_runner.js:130312:74)\n    at visitFailedByErr (http://localhost:43855/__cypress/runner/cypress_runner.js:129704:12)\n    at <unknown> (http://localhost:43855/__cypress/runner/cypress_runner.js:130311:11)\n    at tryCatcher (http://localhost:43855/__cypress/runner/cypress_runner.js:1807:23)\n    at Promise._settlePromiseFromHandler (http://localhost:43855/__cypress/runner/cypress_runner.js:1519:31)\n    at Promise._settlePromise (http://localhost:43855/__cypress/runner/cypress_runner.js:1576:18)\n    at Promise._settlePromise0 (http://localhost:43855/__cypress/runner/cypress_runner.js:1621:10)\n    at Promise._settlePromises (http://localhost:43855/__cypress/runner/cypress_runner.js:1697:18)\n    at _drainQueueStep (http://localhost:43855/__cypress/runner/cypress_runner.js:2407:12)\n    at _drainQueue (http://localhost:43855/__cypress/runner/cypress_runner.js:2400:9)\n    at Async._drainQueues (http://localhost:43855/__cypress/runner/cypress_runner.js:2416:5)\n    at Async.drainQueues (http://localhost:43855/__cypress/runner/cypress_runner.js:2286:14)\nFrom Your Spec Code:\n    at setup (webpack://blogger/./cypress/e2e/App.cy.js:4:5)\n    at Context.eval (webpack://blogger/./cypress/e2e/App.cy.js:15:4)\n\nFrom Node.js Internals:\n  Error: connect ECONNREFUSED 127.0.0.1:5173\n      at TCPConnectWrap.afterConnect [as oncomplete] (node:net:1187:16)",
                "diff": null
              },
              "uuid": "28bd9748-73a4-443b-8440-26be6c995549",
              "parentUUID": "8c9f1049-d091-4d96-9eb7-bc61b37ab99d",
              "isHook": false,
              "skipped": false
            },
            {
              "title": "Ao entrar na rota /posts é renderizado apenas o componente <Posts />",
              "fullTitle": "1 - Crie as rotas para a aplicação Ao entrar na rota /posts é renderizado apenas o componente <Posts />",
              "timedOut": null,
              "duration": 542,
              "state": "failed",
              "speed": null,
              "pass": false,
              "fail": true,
              "pending": false,
              "context": null,
              "code": "setup('posts/id');\ncy.get('[data-testid=\"posts-page\"]').should('exist');\ncy.get('[data-testid$=\"-page\"]').should('have.length', 1);",
              "err": {
                "message": "CypressError: `cy.visit()` failed trying to load:\n\nhttp://localhost:5173/posts/id\n\nWe attempted to make an http request to this URL but the request failed without a response.\n\nWe received this error at the network level:\n\n  > Error: connect ECONNREFUSED 127.0.0.1:5173\n\nCommon situations why this would fail:\n  - you don't have internet access\n  - you forgot to run / boot your web server\n  - your web server isn't accessible\n  - you have weird network configuration settings on your computer",
                "estack": "CypressError: `cy.visit()` failed trying to load:\n\nhttp://localhost:5173/posts/id\n\nWe attempted to make an http request to this URL but the request failed without a response.\n\nWe received this error at the network level:\n\n  > Error: connect ECONNREFUSED 127.0.0.1:5173\n\nCommon situations why this would fail:\n  - you don't have internet access\n  - you forgot to run / boot your web server\n  - your web server isn't accessible\n  - you have weird network configuration settings on your computer\n    at <unknown> (http://localhost:43855/__cypress/runner/cypress_runner.js:130312:74)\n    at visitFailedByErr (http://localhost:43855/__cypress/runner/cypress_runner.js:129704:12)\n    at <unknown> (http://localhost:43855/__cypress/runner/cypress_runner.js:130311:11)\n    at tryCatcher (http://localhost:43855/__cypress/runner/cypress_runner.js:1807:23)\n    at Promise._settlePromiseFromHandler (http://localhost:43855/__cypress/runner/cypress_runner.js:1519:31)\n    at Promise._settlePromise (http://localhost:43855/__cypress/runner/cypress_runner.js:1576:18)\n    at Promise._settlePromise0 (http://localhost:43855/__cypress/runner/cypress_runner.js:1621:10)\n    at Promise._settlePromises (http://localhost:43855/__cypress/runner/cypress_runner.js:1697:18)\n    at _drainQueueStep (http://localhost:43855/__cypress/runner/cypress_runner.js:2407:12)\n    at _drainQueue (http://localhost:43855/__cypress/runner/cypress_runner.js:2400:9)\n    at Async._drainQueues (http://localhost:43855/__cypress/runner/cypress_runner.js:2416:5)\n    at Async.drainQueues (http://localhost:43855/__cypress/runner/cypress_runner.js:2286:14)\nFrom Your Spec Code:\n    at setup (webpack://blogger/./cypress/e2e/App.cy.js:4:5)\n    at Context.eval (webpack://blogger/./cypress/e2e/App.cy.js:21:4)\n\nFrom Node.js Internals:\n  Error: connect ECONNREFUSED 127.0.0.1:5173\n      at TCPConnectWrap.afterConnect [as oncomplete] (node:net:1187:16)",
                "diff": null
              },
              "uuid": "6d8f2d45-896f-4a8d-b10e-3e231aca4e58",
              "parentUUID": "8c9f1049-d091-4d96-9eb7-bc61b37ab99d",
              "isHook": false,
              "skipped": false
            },
            {
              "title": "Ao entrar em uma rota não existente é renderizado o componente <NotFound />",
              "fullTitle": "1 - Crie as rotas para a aplicação Ao entrar em uma rota não existente é renderizado o componente <NotFound />",
              "timedOut": null,
              "duration": 549,
              "state": "failed",
              "speed": null,
              "pass": false,
              "fail": true,
              "pending": false,
              "context": null,
              "code": "setup('not-found');\ncy.get('[data-testid=\"not-found-page\"]').should('exist');\ncy.get('[data-testid$=\"-page\"]').should('have.length', 1);",
              "err": {
                "message": "CypressError: `cy.visit()` failed trying to load:\n\nhttp://localhost:5173/not-found\n\nWe attempted to make an http request to this URL but the request failed without a response.\n\nWe received this error at the network level:\n\n  > Error: connect ECONNREFUSED 127.0.0.1:5173\n\nCommon situations why this would fail:\n  - you don't have internet access\n  - you forgot to run / boot your web server\n  - your web server isn't accessible\n  - you have weird network configuration settings on your computer",
                "estack": "CypressError: `cy.visit()` failed trying to load:\n\nhttp://localhost:5173/not-found\n\nWe attempted to make an http request to this URL but the request failed without a response.\n\nWe received this error at the network level:\n\n  > Error: connect ECONNREFUSED 127.0.0.1:5173\n\nCommon situations why this would fail:\n  - you don't have internet access\n  - you forgot to run / boot your web server\n  - your web server isn't accessible\n  - you have weird network configuration settings on your computer\n    at <unknown> (http://localhost:43855/__cypress/runner/cypress_runner.js:130312:74)\n    at visitFailedByErr (http://localhost:43855/__cypress/runner/cypress_runner.js:129704:12)\n    at <unknown> (http://localhost:43855/__cypress/runner/cypress_runner.js:130311:11)\n    at tryCatcher (http://localhost:43855/__cypress/runner/cypress_runner.js:1807:23)\n    at Promise._settlePromiseFromHandler (http://localhost:43855/__cypress/runner/cypress_runner.js:1519:31)\n    at Promise._settlePromise (http://localhost:43855/__cypress/runner/cypress_runner.js:1576:18)\n    at Promise._settlePromise0 (http://localhost:43855/__cypress/runner/cypress_runner.js:1621:10)\n    at Promise._settlePromises (http://localhost:43855/__cypress/runner/cypress_runner.js:1697:18)\n    at _drainQueueStep (http://localhost:43855/__cypress/runner/cypress_runner.js:2407:12)\n    at _drainQueue (http://localhost:43855/__cypress/runner/cypress_runner.js:2400:9)\n    at Async._drainQueues (http://localhost:43855/__cypress/runner/cypress_runner.js:2416:5)\n    at Async.drainQueues (http://localhost:43855/__cypress/runner/cypress_runner.js:2286:14)\nFrom Your Spec Code:\n    at setup (webpack://blogger/./cypress/e2e/App.cy.js:4:5)\n    at Context.eval (webpack://blogger/./cypress/e2e/App.cy.js:27:4)\n\nFrom Node.js Internals:\n  Error: connect ECONNREFUSED 127.0.0.1:5173\n      at TCPConnectWrap.afterConnect [as oncomplete] (node:net:1187:16)",
                "diff": null
              },
              "uuid": "be9269d8-8713-49e1-afe7-72fbe7f8b94e",
              "parentUUID": "8c9f1049-d091-4d96-9eb7-bc61b37ab99d",
              "isHook": false,
              "skipped": false
            }
          ],
          "suites": [],
          "passes": [],
          "failures": [
            "e40b1c24-e964-4e3c-8122-66879a339f92",
            "28bd9748-73a4-443b-8440-26be6c995549",
            "6d8f2d45-896f-4a8d-b10e-3e231aca4e58",
            "be9269d8-8713-49e1-afe7-72fbe7f8b94e"
          ],
          "pending": [],
          "skipped": [],
          "duration": 2206,
          "root": false,
          "rootEmpty": false,
          "_timeout": 2000
        },
        {
          "uuid": "269c9e00-620a-418d-8c50-05d3c5901b92",
          "title": "2- Crie dois NavLink dentro do componente Header",
          "fullFile": "",
          "file": "",
          "beforeHooks": [],
          "afterHooks": [],
          "tests": [
            {
              "title": "O primeiro NavLink deve possuir o texto \"Home\" e a rota \"/\"",
              "fullTitle": "2- Crie dois NavLink dentro do componente Header O primeiro NavLink deve possuir o texto \"Home\" e a rota \"/\"",
              "timedOut": null,
              "duration": 550,
              "state": "failed",
              "speed": null,
              "pass": false,
              "fail": true,
              "pending": false,
              "context": null,
              "code": "cy.get('a').contains(/home/i).should('have.attr', 'href', '/');",
              "err": {
                "message": "CypressError: `cy.visit()` failed trying to load:\n\nhttp://localhost:5173/\n\nWe attempted to make an http request to this URL but the request failed without a response.\n\nWe received this error at the network level:\n\n  > Error: connect ECONNREFUSED 127.0.0.1:5173\n\nCommon situations why this would fail:\n  - you don't have internet access\n  - you forgot to run / boot your web server\n  - your web server isn't accessible\n  - you have weird network configuration settings on your computer\n\nBecause this error occurred during a `before each` hook we are skipping the remaining tests in the current suite: `2- Crie dois NavLink dentro...`",
                "estack": "CypressError: `cy.visit()` failed trying to load:\n\nhttp://localhost:5173/\n\nWe attempted to make an http request to this URL but the request failed without a response.\n\nWe received this error at the network level:\n\n  > Error: connect ECONNREFUSED 127.0.0.1:5173\n\nCommon situations why this would fail:\n  - you don't have internet access\n  - you forgot to run / boot your web server\n  - your web server isn't accessible\n  - you have weird network configuration settings on your computer\n\nBecause this error occurred during a `before each` hook we are skipping the remaining tests in the current suite: `2- Crie dois NavLink dentro...`\n    at <unknown> (http://localhost:43855/__cypress/runner/cypress_runner.js:130312:74)\n    at visitFailedByErr (http://localhost:43855/__cypress/runner/cypress_runner.js:129704:12)\n    at <unknown> (http://localhost:43855/__cypress/runner/cypress_runner.js:130311:11)\n    at tryCatcher (http://localhost:43855/__cypress/runner/cypress_runner.js:1807:23)\n    at Promise._settlePromiseFromHandler (http://localhost:43855/__cypress/runner/cypress_runner.js:1519:31)\n    at Promise._settlePromise (http://localhost:43855/__cypress/runner/cypress_runner.js:1576:18)\n    at Promise._settlePromise0 (http://localhost:43855/__cypress/runner/cypress_runner.js:1621:10)\n    at Promise._settlePromises (http://localhost:43855/__cypress/runner/cypress_runner.js:1697:18)\n    at _drainQueueStep (http://localhost:43855/__cypress/runner/cypress_runner.js:2407:12)\n    at _drainQueue (http://localhost:43855/__cypress/runner/cypress_runner.js:2400:9)\n    at Async._drainQueues (http://localhost:43855/__cypress/runner/cypress_runner.js:2416:5)\n    at Async.drainQueues (http://localhost:43855/__cypress/runner/cypress_runner.js:2286:14)\nFrom Your Spec Code:\n    at Context.setup (webpack://blogger/./cypress/e2e/App.cy.js:4:5)\n\nFrom Node.js Internals:\n  Error: connect ECONNREFUSED 127.0.0.1:5173\n      at TCPConnectWrap.afterConnect [as oncomplete] (node:net:1187:16)",
                "diff": null
              },
              "uuid": "5f9d5cc4-3eae-48a4-a2b8-d6d4f1fe174b",
              "parentUUID": "269c9e00-620a-418d-8c50-05d3c5901b92",
              "isHook": false,
              "skipped": false
            },
            {
              "title": "O segundo NavLink deve possuir o texto \"About\" e a rota \"/about\"",
              "fullTitle": "2- Crie dois NavLink dentro do componente Header O segundo NavLink deve possuir o texto \"About\" e a rota \"/about\"",
              "timedOut": null,
              "duration": 0,
              "state": "skipped",
              "speed": null,
              "pass": false,
              "fail": false,
              "pending": false,
              "context": null,
              "code": "cy.get('a').contains(/about/i).should('have.attr', 'href', '/about');",
              "err": {},
              "uuid": "73bed47f-bd8e-401d-91da-3df1eae975e9",
              "parentUUID": "269c9e00-620a-418d-8c50-05d3c5901b92",
              "isHook": false,
              "skipped": true
            }
          ],
          "suites": [],
          "passes": [],
          "failures": [
            "5f9d5cc4-3eae-48a4-a2b8-d6d4f1fe174b"
          ],
          "pending": [],
          "skipped": [
            "73bed47f-bd8e-401d-91da-3df1eae975e9"
          ],
          "duration": 550,
          "root": false,
          "rootEmpty": false,
          "_timeout": 2000
        },
        {
          "uuid": "0ebe5244-ceaf-4e91-8280-9cccb4cd835b",
          "title": "3 - Crie um link para a página de posts de um usuário",
          "fullFile": "",
          "file": "",
          "beforeHooks": [],
          "afterHooks": [],
          "tests": [
            {
              "title": "O link deve possuir o texto \"Posts\" e a rota \"/posts/id\"",
              "fullTitle": "3 - Crie um link para a página de posts de um usuário O link deve possuir o texto \"Posts\" e a rota \"/posts/id\"",
              "timedOut": null,
              "duration": 555,
              "state": "failed",
              "speed": null,
              "pass": false,
              "fail": true,
              "pending": false,
              "context": null,
              "code": "for (let id = 1; id <= _data.users.length; id++) {\n  cy.get(`a[href=\"/posts/${id}\"]`).should('exist');\n}",
              "err": {
                "message": "CypressError: `cy.visit()` failed trying to load:\n\nhttp://localhost:5173/\n\nWe attempted to make an http request to this URL but the request failed without a response.\n\nWe received this error at the network level:\n\n  > Error: connect ECONNREFUSED 127.0.0.1:5173\n\nCommon situations why this would fail:\n  - you don't have internet access\n  - you forgot to run / boot your web server\n  - your web server isn't accessible\n  - you have weird network configuration settings on your computer\n\nBecause this error occurred during a `before each` hook we are skipping the remaining tests in the current suite: `3 - Crie um link para a pág...`",
                "estack": "CypressError: `cy.visit()` failed trying to load:\n\nhttp://localhost:5173/\n\nWe attempted to make an http request to this URL but the request failed without a response.\n\nWe received this error at the network level:\n\n  > Error: connect ECONNREFUSED 127.0.0.1:5173\n\nCommon situations why this would fail:\n  - you don't have internet access\n  - you forgot to run / boot your web server\n  - your web server isn't accessible\n  - you have weird network configuration settings on your computer\n\nBecause this error occurred during a `before each` hook we are skipping the remaining tests in the current suite: `3 - Crie um link para a pág...`\n    at <unknown> (http://localhost:43855/__cypress/runner/cypress_runner.js:130312:74)\n    at visitFailedByErr (http://localhost:43855/__cypress/runner/cypress_runner.js:129704:12)\n    at <unknown> (http://localhost:43855/__cypress/runner/cypress_runner.js:130311:11)\n    at tryCatcher (http://localhost:43855/__cypress/runner/cypress_runner.js:1807:23)\n    at Promise._settlePromiseFromHandler (http://localhost:43855/__cypress/runner/cypress_runner.js:1519:31)\n    at Promise._settlePromise (http://localhost:43855/__cypress/runner/cypress_runner.js:1576:18)\n    at Promise._settlePromise0 (http://localhost:43855/__cypress/runner/cypress_runner.js:1621:10)\n    at Promise._settlePromises (http://localhost:43855/__cypress/runner/cypress_runner.js:1697:18)\n    at _drainQueueStep (http://localhost:43855/__cypress/runner/cypress_runner.js:2407:12)\n    at _drainQueue (http://localhost:43855/__cypress/runner/cypress_runner.js:2400:9)\n    at Async._drainQueues (http://localhost:43855/__cypress/runner/cypress_runner.js:2416:5)\n    at Async.drainQueues (http://localhost:43855/__cypress/runner/cypress_runner.js:2286:14)\nFrom Your Spec Code:\n    at Context.setup (webpack://blogger/./cypress/e2e/App.cy.js:4:5)\n\nFrom Node.js Internals:\n  Error: connect ECONNREFUSED 127.0.0.1:5173\n      at TCPConnectWrap.afterConnect [as oncomplete] (node:net:1187:16)",
                "diff": null
              },
              "uuid": "e828073f-e169-47c2-acef-5b1dcf82e3ab",
              "parentUUID": "0ebe5244-ceaf-4e91-8280-9cccb4cd835b",
              "isHook": false,
              "skipped": false
            }
          ],
          "suites": [],
          "passes": [],
          "failures": [
            "e828073f-e169-47c2-acef-5b1dcf82e3ab"
          ],
          "pending": [],
          "skipped": [],
          "duration": 555,
          "root": false,
          "rootEmpty": false,
          "_timeout": 2000
        },
        {
          "uuid": "e8370ad9-1b23-43b6-b234-eabd443c8099",
          "title": "4 - Exiba os posts de um usuário",
          "fullFile": "",
          "file": "",
          "beforeHooks": [],
          "afterHooks": [],
          "tests": [
            {
              "title": "O componente <Posts /> deve renderizar apenas os posts do primeiro usuário",
              "fullTitle": "4 - Exiba os posts de um usuário O componente <Posts /> deve renderizar apenas os posts do primeiro usuário",
              "timedOut": null,
              "duration": 556,
              "state": "failed",
              "speed": null,
              "pass": false,
              "fail": true,
              "pending": false,
              "context": null,
              "code": "setup('posts/1');\nconst othersPosts = _data.posts.filter(post => post.userId !== 1);\nothersPosts.forEach(post => {\n  cy.get('h2').should('not.contain', post.title);\n});\nconst userPosts = _data.posts.filter(post => post.userId === 1);\nuserPosts.forEach(post => {\n  cy.contains(post.title);\n});",
              "err": {
                "message": "CypressError: `cy.visit()` failed trying to load:\n\nhttp://localhost:5173/posts/1\n\nWe attempted to make an http request to this URL but the request failed without a response.\n\nWe received this error at the network level:\n\n  > Error: connect ECONNREFUSED 127.0.0.1:5173\n\nCommon situations why this would fail:\n  - you don't have internet access\n  - you forgot to run / boot your web server\n  - your web server isn't accessible\n  - you have weird network configuration settings on your computer",
                "estack": "CypressError: `cy.visit()` failed trying to load:\n\nhttp://localhost:5173/posts/1\n\nWe attempted to make an http request to this URL but the request failed without a response.\n\nWe received this error at the network level:\n\n  > Error: connect ECONNREFUSED 127.0.0.1:5173\n\nCommon situations why this would fail:\n  - you don't have internet access\n  - you forgot to run / boot your web server\n  - your web server isn't accessible\n  - you have weird network configuration settings on your computer\n    at <unknown> (http://localhost:43855/__cypress/runner/cypress_runner.js:130312:74)\n    at visitFailedByErr (http://localhost:43855/__cypress/runner/cypress_runner.js:129704:12)\n    at <unknown> (http://localhost:43855/__cypress/runner/cypress_runner.js:130311:11)\n    at tryCatcher (http://localhost:43855/__cypress/runner/cypress_runner.js:1807:23)\n    at Promise._settlePromiseFromHandler (http://localhost:43855/__cypress/runner/cypress_runner.js:1519:31)\n    at Promise._settlePromise (http://localhost:43855/__cypress/runner/cypress_runner.js:1576:18)\n    at Promise._settlePromise0 (http://localhost:43855/__cypress/runner/cypress_runner.js:1621:10)\n    at Promise._settlePromises (http://localhost:43855/__cypress/runner/cypress_runner.js:1697:18)\n    at _drainQueueStep (http://localhost:43855/__cypress/runner/cypress_runner.js:2407:12)\n    at _drainQueue (http://localhost:43855/__cypress/runner/cypress_runner.js:2400:9)\n    at Async._drainQueues (http://localhost:43855/__cypress/runner/cypress_runner.js:2416:5)\n    at Async.drainQueues (http://localhost:43855/__cypress/runner/cypress_runner.js:2286:14)\nFrom Your Spec Code:\n    at setup (webpack://blogger/./cypress/e2e/App.cy.js:4:5)\n    at Context.eval (webpack://blogger/./cypress/e2e/App.cy.js:57:4)\n\nFrom Node.js Internals:\n  Error: connect ECONNREFUSED 127.0.0.1:5173\n      at TCPConnectWrap.afterConnect [as oncomplete] (node:net:1187:16)",
                "diff": null
              },
              "uuid": "a709d2c7-a892-486a-bc49-51dbeb124011",
              "parentUUID": "e8370ad9-1b23-43b6-b234-eabd443c8099",
              "isHook": false,
              "skipped": false
            },
            {
              "title": "O componente <Posts /> deve renderizar os posts do usuário",
              "fullTitle": "4 - Exiba os posts de um usuário O componente <Posts /> deve renderizar os posts do usuário",
              "timedOut": null,
              "duration": 556,
              "state": "failed",
              "speed": null,
              "pass": false,
              "fail": true,
              "pending": false,
              "context": null,
              "code": "_data.users.forEach(user => {\n  setup(`posts/${user.id}`);\n  const userPosts = _data.posts.filter(post => post.userId === user.id);\n  userPosts.forEach(post => {\n    cy.contains(post.title);\n  });\n});",
              "err": {
                "message": "CypressError: `cy.visit()` failed trying to load:\n\nhttp://localhost:5173/posts/1\n\nWe attempted to make an http request to this URL but the request failed without a response.\n\nWe received this error at the network level:\n\n  > Error: connect ECONNREFUSED 127.0.0.1:5173\n\nCommon situations why this would fail:\n  - you don't have internet access\n  - you forgot to run / boot your web server\n  - your web server isn't accessible\n  - you have weird network configuration settings on your computer",
                "estack": "CypressError: `cy.visit()` failed trying to load:\n\nhttp://localhost:5173/posts/1\n\nWe attempted to make an http request to this URL but the request failed without a response.\n\nWe received this error at the network level:\n\n  > Error: connect ECONNREFUSED 127.0.0.1:5173\n\nCommon situations why this would fail:\n  - you don't have internet access\n  - you forgot to run / boot your web server\n  - your web server isn't accessible\n  - you have weird network configuration settings on your computer\n    at <unknown> (http://localhost:43855/__cypress/runner/cypress_runner.js:130312:74)\n    at visitFailedByErr (http://localhost:43855/__cypress/runner/cypress_runner.js:129704:12)\n    at <unknown> (http://localhost:43855/__cypress/runner/cypress_runner.js:130311:11)\n    at tryCatcher (http://localhost:43855/__cypress/runner/cypress_runner.js:1807:23)\n    at Promise._settlePromiseFromHandler (http://localhost:43855/__cypress/runner/cypress_runner.js:1519:31)\n    at Promise._settlePromise (http://localhost:43855/__cypress/runner/cypress_runner.js:1576:18)\n    at Promise._settlePromise0 (http://localhost:43855/__cypress/runner/cypress_runner.js:1621:10)\n    at Promise._settlePromises (http://localhost:43855/__cypress/runner/cypress_runner.js:1697:18)\n    at _drainQueueStep (http://localhost:43855/__cypress/runner/cypress_runner.js:2407:12)\n    at _drainQueue (http://localhost:43855/__cypress/runner/cypress_runner.js:2400:9)\n    at Async._drainQueues (http://localhost:43855/__cypress/runner/cypress_runner.js:2416:5)\n    at Async.drainQueues (http://localhost:43855/__cypress/runner/cypress_runner.js:2286:14)\nFrom Your Spec Code:\n    at setup (webpack://blogger/./cypress/e2e/App.cy.js:4:5)\n    at eval (webpack://blogger/./cypress/e2e/App.cy.js:72:6)\nat Array.forEach (<anonymous>)\n    at Context.eval (webpack://blogger/./cypress/e2e/App.cy.js:71:10)\n\nFrom Node.js Internals:\n  Error: connect ECONNREFUSED 127.0.0.1:5173\n      at TCPConnectWrap.afterConnect [as oncomplete] (node:net:1187:16)",
                "diff": null
              },
              "uuid": "5e38f5bd-8841-4ef9-ae12-fe4c9e9d841a",
              "parentUUID": "e8370ad9-1b23-43b6-b234-eabd443c8099",
              "isHook": false,
              "skipped": false
            }
          ],
          "suites": [],
          "passes": [],
          "failures": [
            "a709d2c7-a892-486a-bc49-51dbeb124011",
            "5e38f5bd-8841-4ef9-ae12-fe4c9e9d841a"
          ],
          "pending": [],
          "skipped": [],
          "duration": 1112,
          "root": false,
          "rootEmpty": false,
          "_timeout": 2000
        }
      ],
      "passes": [],
      "failures": [],
      "pending": [],
      "skipped": [],
      "duration": 0,
      "root": true,
      "rootEmpty": true,
      "_timeout": 2000
    }
  ],
  "meta": {
    "mocha": {
      "version": "7.0.1"
    },
    "mochawesome": {
      "options": {
        "quiet": false,
        "reportFilename": "mochawesome",
        "saveHtml": false,
        "saveJson": true,
        "consoleReporter": "spec",
        "useInlineDiffs": false,
        "code": true
      },
      "version": "7.1.3"
    },
    "marge": {
      "options": {
        "id": "default",
        "reportDir": "cypress/reports",
        "overwrite": false,
        "html": false,
        "json": true
      },
      "version": "6.2.0"
    }
  }
}