{
  "stats": {
    "suites": 4,
    "tests": 8,
    "passes": 0,
    "pending": 0,
    "failures": 8,
    "start": "2024-03-06T21:08:17.109Z",
    "end": "2024-03-06T21:08:21.683Z",
    "duration": 4574,
    "testsRegistered": 9,
    "passPercent": 0,
    "pendingPercent": 0,
    "other": 0,
    "hasOther": false,
    "skipped": 1,
    "hasSkipped": true
  },
  "results": [
    {
      "uuid": "629fade5-e09e-4a05-866a-7581d750e8a0",
      "title": "",
      "fullFile": "cypress/e2e/App.cy.js",
      "file": "cypress/e2e/App.cy.js",
      "beforeHooks": [],
      "afterHooks": [],
      "tests": [],
      "suites": [
        {
          "uuid": "c1a3bf81-4793-41dc-af2e-b22f56b53274",
          "title": "1 - Crie as rotas para a aplicação",
          "fullFile": "",
          "file": "",
          "beforeHooks": [],
          "afterHooks": [],
          "tests": [
            {
              "title": "Ao entrar na rota / é renderizado apenas o componente <Users />",
              "fullTitle": "1 - Crie as rotas para a aplicação Ao entrar na rota / é renderizado apenas o componente <Users />",
              "timedOut": null,
              "duration": 557,
              "state": "failed",
              "speed": null,
              "pass": false,
              "fail": true,
              "pending": false,
              "context": null,
              "code": "setup();\ncy.get('[data-testid=\"users-page\"]').should('exist');\ncy.get('[data-testid$=\"-page\"]').should('have.length', 1);",
              "err": {
                "message": "CypressError: `cy.visit()` failed trying to load:\n\nhttp://localhost:5173/\n\nWe attempted to make an http request to this URL but the request failed without a response.\n\nWe received this error at the network level:\n\n  > Error: connect ECONNREFUSED 127.0.0.1:5173\n\nCommon situations why this would fail:\n  - you don't have internet access\n  - you forgot to run / boot your web server\n  - your web server isn't accessible\n  - you have weird network configuration settings on your computer",
                "estack": "CypressError: `cy.visit()` failed trying to load:\n\nhttp://localhost:5173/\n\nWe attempted to make an http request to this URL but the request failed without a response.\n\nWe received this error at the network level:\n\n  > Error: connect ECONNREFUSED 127.0.0.1:5173\n\nCommon situations why this would fail:\n  - you don't have internet access\n  - you forgot to run / boot your web server\n  - your web server isn't accessible\n  - you have weird network configuration settings on your computer\n    at <unknown> (http://localhost:40867/__cypress/runner/cypress_runner.js:130312:74)\n    at visitFailedByErr (http://localhost:40867/__cypress/runner/cypress_runner.js:129704:12)\n    at <unknown> (http://localhost:40867/__cypress/runner/cypress_runner.js:130311:11)\n    at tryCatcher (http://localhost:40867/__cypress/runner/cypress_runner.js:1807:23)\n    at Promise._settlePromiseFromHandler (http://localhost:40867/__cypress/runner/cypress_runner.js:1519:31)\n    at Promise._settlePromise (http://localhost:40867/__cypress/runner/cypress_runner.js:1576:18)\n    at Promise._settlePromise0 (http://localhost:40867/__cypress/runner/cypress_runner.js:1621:10)\n    at Promise._settlePromises (http://localhost:40867/__cypress/runner/cypress_runner.js:1697:18)\n    at _drainQueueStep (http://localhost:40867/__cypress/runner/cypress_runner.js:2407:12)\n    at _drainQueue (http://localhost:40867/__cypress/runner/cypress_runner.js:2400:9)\n    at Async._drainQueues (http://localhost:40867/__cypress/runner/cypress_runner.js:2416:5)\n    at Async.drainQueues (http://localhost:40867/__cypress/runner/cypress_runner.js:2286:14)\nFrom Your Spec Code:\n    at setup (webpack://blogger/./cypress/e2e/App.cy.js:4:5)\n    at Context.eval (webpack://blogger/./cypress/e2e/App.cy.js:9:4)\n\nFrom Node.js Internals:\n  Error: connect ECONNREFUSED 127.0.0.1:5173\n      at TCPConnectWrap.afterConnect [as oncomplete] (node:net:1187:16)",
                "diff": null
              },
              "uuid": "0e4b7710-2eca-4707-bf39-56907cc42ec0",
              "parentUUID": "c1a3bf81-4793-41dc-af2e-b22f56b53274",
              "isHook": false,
              "skipped": false
            },
            {
              "title": "Ao entrar na rota /about é renderizado apenas o componente <About />",
              "fullTitle": "1 - Crie as rotas para a aplicação Ao entrar na rota /about é renderizado apenas o componente <About />",
              "timedOut": null,
              "duration": 554,
              "state": "failed",
              "speed": null,
              "pass": false,
              "fail": true,
              "pending": false,
              "context": null,
              "code": "setup('about');\ncy.get('[data-testid=\"about-page\"]').should('exist');\ncy.get('[data-testid$=\"-page\"]').should('have.length', 1);",
              "err": {
                "message": "CypressError: `cy.visit()` failed trying to load:\n\nhttp://localhost:5173/about\n\nWe attempted to make an http request to this URL but the request failed without a response.\n\nWe received this error at the network level:\n\n  > Error: connect ECONNREFUSED 127.0.0.1:5173\n\nCommon situations why this would fail:\n  - you don't have internet access\n  - you forgot to run / boot your web server\n  - your web server isn't accessible\n  - you have weird network configuration settings on your computer",
                "estack": "CypressError: `cy.visit()` failed trying to load:\n\nhttp://localhost:5173/about\n\nWe attempted to make an http request to this URL but the request failed without a response.\n\nWe received this error at the network level:\n\n  > Error: connect ECONNREFUSED 127.0.0.1:5173\n\nCommon situations why this would fail:\n  - you don't have internet access\n  - you forgot to run / boot your web server\n  - your web server isn't accessible\n  - you have weird network configuration settings on your computer\n    at <unknown> (http://localhost:40867/__cypress/runner/cypress_runner.js:130312:74)\n    at visitFailedByErr (http://localhost:40867/__cypress/runner/cypress_runner.js:129704:12)\n    at <unknown> (http://localhost:40867/__cypress/runner/cypress_runner.js:130311:11)\n    at tryCatcher (http://localhost:40867/__cypress/runner/cypress_runner.js:1807:23)\n    at Promise._settlePromiseFromHandler (http://localhost:40867/__cypress/runner/cypress_runner.js:1519:31)\n    at Promise._settlePromise (http://localhost:40867/__cypress/runner/cypress_runner.js:1576:18)\n    at Promise._settlePromise0 (http://localhost:40867/__cypress/runner/cypress_runner.js:1621:10)\n    at Promise._settlePromises (http://localhost:40867/__cypress/runner/cypress_runner.js:1697:18)\n    at _drainQueueStep (http://localhost:40867/__cypress/runner/cypress_runner.js:2407:12)\n    at _drainQueue (http://localhost:40867/__cypress/runner/cypress_runner.js:2400:9)\n    at Async._drainQueues (http://localhost:40867/__cypress/runner/cypress_runner.js:2416:5)\n    at Async.drainQueues (http://localhost:40867/__cypress/runner/cypress_runner.js:2286:14)\nFrom Your Spec Code:\n    at setup (webpack://blogger/./cypress/e2e/App.cy.js:4:5)\n    at Context.eval (webpack://blogger/./cypress/e2e/App.cy.js:15:4)\n\nFrom Node.js Internals:\n  Error: connect ECONNREFUSED 127.0.0.1:5173\n      at TCPConnectWrap.afterConnect [as oncomplete] (node:net:1187:16)",
                "diff": null
              },
              "uuid": "4adce7ea-705a-47ed-a38b-e4cd69bd8e3e",
              "parentUUID": "c1a3bf81-4793-41dc-af2e-b22f56b53274",
              "isHook": false,
              "skipped": false
            },
            {
              "title": "Ao entrar na rota /posts é renderizado apenas o componente <Posts />",
              "fullTitle": "1 - Crie as rotas para a aplicação Ao entrar na rota /posts é renderizado apenas o componente <Posts />",
              "timedOut": null,
              "duration": 544,
              "state": "failed",
              "speed": null,
              "pass": false,
              "fail": true,
              "pending": false,
              "context": null,
              "code": "setup('posts/id');\ncy.get('[data-testid=\"posts-page\"]').should('exist');\ncy.get('[data-testid$=\"-page\"]').should('have.length', 1);",
              "err": {
                "message": "CypressError: `cy.visit()` failed trying to load:\n\nhttp://localhost:5173/posts/id\n\nWe attempted to make an http request to this URL but the request failed without a response.\n\nWe received this error at the network level:\n\n  > Error: connect ECONNREFUSED 127.0.0.1:5173\n\nCommon situations why this would fail:\n  - you don't have internet access\n  - you forgot to run / boot your web server\n  - your web server isn't accessible\n  - you have weird network configuration settings on your computer",
                "estack": "CypressError: `cy.visit()` failed trying to load:\n\nhttp://localhost:5173/posts/id\n\nWe attempted to make an http request to this URL but the request failed without a response.\n\nWe received this error at the network level:\n\n  > Error: connect ECONNREFUSED 127.0.0.1:5173\n\nCommon situations why this would fail:\n  - you don't have internet access\n  - you forgot to run / boot your web server\n  - your web server isn't accessible\n  - you have weird network configuration settings on your computer\n    at <unknown> (http://localhost:40867/__cypress/runner/cypress_runner.js:130312:74)\n    at visitFailedByErr (http://localhost:40867/__cypress/runner/cypress_runner.js:129704:12)\n    at <unknown> (http://localhost:40867/__cypress/runner/cypress_runner.js:130311:11)\n    at tryCatcher (http://localhost:40867/__cypress/runner/cypress_runner.js:1807:23)\n    at Promise._settlePromiseFromHandler (http://localhost:40867/__cypress/runner/cypress_runner.js:1519:31)\n    at Promise._settlePromise (http://localhost:40867/__cypress/runner/cypress_runner.js:1576:18)\n    at Promise._settlePromise0 (http://localhost:40867/__cypress/runner/cypress_runner.js:1621:10)\n    at Promise._settlePromises (http://localhost:40867/__cypress/runner/cypress_runner.js:1697:18)\n    at _drainQueueStep (http://localhost:40867/__cypress/runner/cypress_runner.js:2407:12)\n    at _drainQueue (http://localhost:40867/__cypress/runner/cypress_runner.js:2400:9)\n    at Async._drainQueues (http://localhost:40867/__cypress/runner/cypress_runner.js:2416:5)\n    at Async.drainQueues (http://localhost:40867/__cypress/runner/cypress_runner.js:2286:14)\nFrom Your Spec Code:\n    at setup (webpack://blogger/./cypress/e2e/App.cy.js:4:5)\n    at Context.eval (webpack://blogger/./cypress/e2e/App.cy.js:21:4)\n\nFrom Node.js Internals:\n  Error: connect ECONNREFUSED 127.0.0.1:5173\n      at TCPConnectWrap.afterConnect [as oncomplete] (node:net:1187:16)",
                "diff": null
              },
              "uuid": "c2500200-1228-4d41-9c93-611644faac42",
              "parentUUID": "c1a3bf81-4793-41dc-af2e-b22f56b53274",
              "isHook": false,
              "skipped": false
            },
            {
              "title": "Ao entrar em uma rota não existente é renderizado o componente <NotFound />",
              "fullTitle": "1 - Crie as rotas para a aplicação Ao entrar em uma rota não existente é renderizado o componente <NotFound />",
              "timedOut": null,
              "duration": 549,
              "state": "failed",
              "speed": null,
              "pass": false,
              "fail": true,
              "pending": false,
              "context": null,
              "code": "setup('not-found');\ncy.get('[data-testid=\"not-found-page\"]').should('exist');\ncy.get('[data-testid$=\"-page\"]').should('have.length', 1);",
              "err": {
                "message": "CypressError: `cy.visit()` failed trying to load:\n\nhttp://localhost:5173/not-found\n\nWe attempted to make an http request to this URL but the request failed without a response.\n\nWe received this error at the network level:\n\n  > Error: connect ECONNREFUSED 127.0.0.1:5173\n\nCommon situations why this would fail:\n  - you don't have internet access\n  - you forgot to run / boot your web server\n  - your web server isn't accessible\n  - you have weird network configuration settings on your computer",
                "estack": "CypressError: `cy.visit()` failed trying to load:\n\nhttp://localhost:5173/not-found\n\nWe attempted to make an http request to this URL but the request failed without a response.\n\nWe received this error at the network level:\n\n  > Error: connect ECONNREFUSED 127.0.0.1:5173\n\nCommon situations why this would fail:\n  - you don't have internet access\n  - you forgot to run / boot your web server\n  - your web server isn't accessible\n  - you have weird network configuration settings on your computer\n    at <unknown> (http://localhost:40867/__cypress/runner/cypress_runner.js:130312:74)\n    at visitFailedByErr (http://localhost:40867/__cypress/runner/cypress_runner.js:129704:12)\n    at <unknown> (http://localhost:40867/__cypress/runner/cypress_runner.js:130311:11)\n    at tryCatcher (http://localhost:40867/__cypress/runner/cypress_runner.js:1807:23)\n    at Promise._settlePromiseFromHandler (http://localhost:40867/__cypress/runner/cypress_runner.js:1519:31)\n    at Promise._settlePromise (http://localhost:40867/__cypress/runner/cypress_runner.js:1576:18)\n    at Promise._settlePromise0 (http://localhost:40867/__cypress/runner/cypress_runner.js:1621:10)\n    at Promise._settlePromises (http://localhost:40867/__cypress/runner/cypress_runner.js:1697:18)\n    at _drainQueueStep (http://localhost:40867/__cypress/runner/cypress_runner.js:2407:12)\n    at _drainQueue (http://localhost:40867/__cypress/runner/cypress_runner.js:2400:9)\n    at Async._drainQueues (http://localhost:40867/__cypress/runner/cypress_runner.js:2416:5)\n    at Async.drainQueues (http://localhost:40867/__cypress/runner/cypress_runner.js:2286:14)\nFrom Your Spec Code:\n    at setup (webpack://blogger/./cypress/e2e/App.cy.js:4:5)\n    at Context.eval (webpack://blogger/./cypress/e2e/App.cy.js:27:4)\n\nFrom Node.js Internals:\n  Error: connect ECONNREFUSED 127.0.0.1:5173\n      at TCPConnectWrap.afterConnect [as oncomplete] (node:net:1187:16)",
                "diff": null
              },
              "uuid": "fd7a7c03-0383-48ef-a0eb-34c362d70182",
              "parentUUID": "c1a3bf81-4793-41dc-af2e-b22f56b53274",
              "isHook": false,
              "skipped": false
            }
          ],
          "suites": [],
          "passes": [],
          "failures": [
            "0e4b7710-2eca-4707-bf39-56907cc42ec0",
            "4adce7ea-705a-47ed-a38b-e4cd69bd8e3e",
            "c2500200-1228-4d41-9c93-611644faac42",
            "fd7a7c03-0383-48ef-a0eb-34c362d70182"
          ],
          "pending": [],
          "skipped": [],
          "duration": 2204,
          "root": false,
          "rootEmpty": false,
          "_timeout": 2000
        },
        {
          "uuid": "76a7fe8b-a931-4890-8d4a-fa42de48e47b",
          "title": "2- Crie dois NavLink dentro do componente Header",
          "fullFile": "",
          "file": "",
          "beforeHooks": [],
          "afterHooks": [],
          "tests": [
            {
              "title": "O primeiro NavLink deve possuir o texto \"Home\" e a rota \"/\"",
              "fullTitle": "2- Crie dois NavLink dentro do componente Header O primeiro NavLink deve possuir o texto \"Home\" e a rota \"/\"",
              "timedOut": null,
              "duration": 549,
              "state": "failed",
              "speed": null,
              "pass": false,
              "fail": true,
              "pending": false,
              "context": null,
              "code": "cy.get('a').contains(/home/i).should('have.attr', 'href', '/');",
              "err": {
                "message": "CypressError: `cy.visit()` failed trying to load:\n\nhttp://localhost:5173/\n\nWe attempted to make an http request to this URL but the request failed without a response.\n\nWe received this error at the network level:\n\n  > Error: connect ECONNREFUSED 127.0.0.1:5173\n\nCommon situations why this would fail:\n  - you don't have internet access\n  - you forgot to run / boot your web server\n  - your web server isn't accessible\n  - you have weird network configuration settings on your computer\n\nBecause this error occurred during a `before each` hook we are skipping the remaining tests in the current suite: `2- Crie dois NavLink dentro...`",
                "estack": "CypressError: `cy.visit()` failed trying to load:\n\nhttp://localhost:5173/\n\nWe attempted to make an http request to this URL but the request failed without a response.\n\nWe received this error at the network level:\n\n  > Error: connect ECONNREFUSED 127.0.0.1:5173\n\nCommon situations why this would fail:\n  - you don't have internet access\n  - you forgot to run / boot your web server\n  - your web server isn't accessible\n  - you have weird network configuration settings on your computer\n\nBecause this error occurred during a `before each` hook we are skipping the remaining tests in the current suite: `2- Crie dois NavLink dentro...`\n    at <unknown> (http://localhost:40867/__cypress/runner/cypress_runner.js:130312:74)\n    at visitFailedByErr (http://localhost:40867/__cypress/runner/cypress_runner.js:129704:12)\n    at <unknown> (http://localhost:40867/__cypress/runner/cypress_runner.js:130311:11)\n    at tryCatcher (http://localhost:40867/__cypress/runner/cypress_runner.js:1807:23)\n    at Promise._settlePromiseFromHandler (http://localhost:40867/__cypress/runner/cypress_runner.js:1519:31)\n    at Promise._settlePromise (http://localhost:40867/__cypress/runner/cypress_runner.js:1576:18)\n    at Promise._settlePromise0 (http://localhost:40867/__cypress/runner/cypress_runner.js:1621:10)\n    at Promise._settlePromises (http://localhost:40867/__cypress/runner/cypress_runner.js:1697:18)\n    at _drainQueueStep (http://localhost:40867/__cypress/runner/cypress_runner.js:2407:12)\n    at _drainQueue (http://localhost:40867/__cypress/runner/cypress_runner.js:2400:9)\n    at Async._drainQueues (http://localhost:40867/__cypress/runner/cypress_runner.js:2416:5)\n    at Async.drainQueues (http://localhost:40867/__cypress/runner/cypress_runner.js:2286:14)\nFrom Your Spec Code:\n    at Context.setup (webpack://blogger/./cypress/e2e/App.cy.js:4:5)\n\nFrom Node.js Internals:\n  Error: connect ECONNREFUSED 127.0.0.1:5173\n      at TCPConnectWrap.afterConnect [as oncomplete] (node:net:1187:16)",
                "diff": null
              },
              "uuid": "5b5f0baa-67bd-4a0f-a4c4-b91717419957",
              "parentUUID": "76a7fe8b-a931-4890-8d4a-fa42de48e47b",
              "isHook": false,
              "skipped": false
            },
            {
              "title": "O segundo NavLink deve possuir o texto \"About\" e a rota \"/about\"",
              "fullTitle": "2- Crie dois NavLink dentro do componente Header O segundo NavLink deve possuir o texto \"About\" e a rota \"/about\"",
              "timedOut": null,
              "duration": 0,
              "state": "skipped",
              "speed": null,
              "pass": false,
              "fail": false,
              "pending": false,
              "context": null,
              "code": "cy.get('a').contains(/about/i).should('have.attr', 'href', '/about');",
              "err": {},
              "uuid": "278f9699-57aa-490c-a36b-f686a2c74583",
              "parentUUID": "76a7fe8b-a931-4890-8d4a-fa42de48e47b",
              "isHook": false,
              "skipped": true
            }
          ],
          "suites": [],
          "passes": [],
          "failures": [
            "5b5f0baa-67bd-4a0f-a4c4-b91717419957"
          ],
          "pending": [],
          "skipped": [
            "278f9699-57aa-490c-a36b-f686a2c74583"
          ],
          "duration": 549,
          "root": false,
          "rootEmpty": false,
          "_timeout": 2000
        },
        {
          "uuid": "3b0d5fa9-744f-4d29-baf7-24d5597c0bd2",
          "title": "3 - Crie um link para a página de posts de um usuário",
          "fullFile": "",
          "file": "",
          "beforeHooks": [],
          "afterHooks": [],
          "tests": [
            {
              "title": "O link deve possuir o texto \"Posts\" e a rota \"/posts/id\"",
              "fullTitle": "3 - Crie um link para a página de posts de um usuário O link deve possuir o texto \"Posts\" e a rota \"/posts/id\"",
              "timedOut": null,
              "duration": 552,
              "state": "failed",
              "speed": null,
              "pass": false,
              "fail": true,
              "pending": false,
              "context": null,
              "code": "for (let id = 1; id <= _data.users.length; id++) {\n  cy.get(`a[href=\"/posts/${id}\"]`).should('exist');\n}",
              "err": {
                "message": "CypressError: `cy.visit()` failed trying to load:\n\nhttp://localhost:5173/\n\nWe attempted to make an http request to this URL but the request failed without a response.\n\nWe received this error at the network level:\n\n  > Error: connect ECONNREFUSED 127.0.0.1:5173\n\nCommon situations why this would fail:\n  - you don't have internet access\n  - you forgot to run / boot your web server\n  - your web server isn't accessible\n  - you have weird network configuration settings on your computer\n\nBecause this error occurred during a `before each` hook we are skipping the remaining tests in the current suite: `3 - Crie um link para a pág...`",
                "estack": "CypressError: `cy.visit()` failed trying to load:\n\nhttp://localhost:5173/\n\nWe attempted to make an http request to this URL but the request failed without a response.\n\nWe received this error at the network level:\n\n  > Error: connect ECONNREFUSED 127.0.0.1:5173\n\nCommon situations why this would fail:\n  - you don't have internet access\n  - you forgot to run / boot your web server\n  - your web server isn't accessible\n  - you have weird network configuration settings on your computer\n\nBecause this error occurred during a `before each` hook we are skipping the remaining tests in the current suite: `3 - Crie um link para a pág...`\n    at <unknown> (http://localhost:40867/__cypress/runner/cypress_runner.js:130312:74)\n    at visitFailedByErr (http://localhost:40867/__cypress/runner/cypress_runner.js:129704:12)\n    at <unknown> (http://localhost:40867/__cypress/runner/cypress_runner.js:130311:11)\n    at tryCatcher (http://localhost:40867/__cypress/runner/cypress_runner.js:1807:23)\n    at Promise._settlePromiseFromHandler (http://localhost:40867/__cypress/runner/cypress_runner.js:1519:31)\n    at Promise._settlePromise (http://localhost:40867/__cypress/runner/cypress_runner.js:1576:18)\n    at Promise._settlePromise0 (http://localhost:40867/__cypress/runner/cypress_runner.js:1621:10)\n    at Promise._settlePromises (http://localhost:40867/__cypress/runner/cypress_runner.js:1697:18)\n    at _drainQueueStep (http://localhost:40867/__cypress/runner/cypress_runner.js:2407:12)\n    at _drainQueue (http://localhost:40867/__cypress/runner/cypress_runner.js:2400:9)\n    at Async._drainQueues (http://localhost:40867/__cypress/runner/cypress_runner.js:2416:5)\n    at Async.drainQueues (http://localhost:40867/__cypress/runner/cypress_runner.js:2286:14)\nFrom Your Spec Code:\n    at Context.setup (webpack://blogger/./cypress/e2e/App.cy.js:4:5)\n\nFrom Node.js Internals:\n  Error: connect ECONNREFUSED 127.0.0.1:5173\n      at TCPConnectWrap.afterConnect [as oncomplete] (node:net:1187:16)",
                "diff": null
              },
              "uuid": "cc35abe3-5958-4be1-90a4-41afcedeac9d",
              "parentUUID": "3b0d5fa9-744f-4d29-baf7-24d5597c0bd2",
              "isHook": false,
              "skipped": false
            }
          ],
          "suites": [],
          "passes": [],
          "failures": [
            "cc35abe3-5958-4be1-90a4-41afcedeac9d"
          ],
          "pending": [],
          "skipped": [],
          "duration": 552,
          "root": false,
          "rootEmpty": false,
          "_timeout": 2000
        },
        {
          "uuid": "3aa6ab44-0de8-49f1-bfef-b374519eb58c",
          "title": "4 - Exiba os posts de um usuário",
          "fullFile": "",
          "file": "",
          "beforeHooks": [],
          "afterHooks": [],
          "tests": [
            {
              "title": "O componente <Posts /> deve renderizar apenas os posts do primeiro usuário",
              "fullTitle": "4 - Exiba os posts de um usuário O componente <Posts /> deve renderizar apenas os posts do primeiro usuário",
              "timedOut": null,
              "duration": 557,
              "state": "failed",
              "speed": null,
              "pass": false,
              "fail": true,
              "pending": false,
              "context": null,
              "code": "setup('posts/1');\nconst othersPosts = _data.posts.filter(post => post.userId !== 1);\nothersPosts.forEach(post => {\n  cy.get('h2').should('not.contain', post.title);\n});\nconst userPosts = _data.posts.filter(post => post.userId === 1);\nuserPosts.forEach(post => {\n  cy.contains(post.title);\n});",
              "err": {
                "message": "CypressError: `cy.visit()` failed trying to load:\n\nhttp://localhost:5173/posts/1\n\nWe attempted to make an http request to this URL but the request failed without a response.\n\nWe received this error at the network level:\n\n  > Error: connect ECONNREFUSED 127.0.0.1:5173\n\nCommon situations why this would fail:\n  - you don't have internet access\n  - you forgot to run / boot your web server\n  - your web server isn't accessible\n  - you have weird network configuration settings on your computer",
                "estack": "CypressError: `cy.visit()` failed trying to load:\n\nhttp://localhost:5173/posts/1\n\nWe attempted to make an http request to this URL but the request failed without a response.\n\nWe received this error at the network level:\n\n  > Error: connect ECONNREFUSED 127.0.0.1:5173\n\nCommon situations why this would fail:\n  - you don't have internet access\n  - you forgot to run / boot your web server\n  - your web server isn't accessible\n  - you have weird network configuration settings on your computer\n    at <unknown> (http://localhost:40867/__cypress/runner/cypress_runner.js:130312:74)\n    at visitFailedByErr (http://localhost:40867/__cypress/runner/cypress_runner.js:129704:12)\n    at <unknown> (http://localhost:40867/__cypress/runner/cypress_runner.js:130311:11)\n    at tryCatcher (http://localhost:40867/__cypress/runner/cypress_runner.js:1807:23)\n    at Promise._settlePromiseFromHandler (http://localhost:40867/__cypress/runner/cypress_runner.js:1519:31)\n    at Promise._settlePromise (http://localhost:40867/__cypress/runner/cypress_runner.js:1576:18)\n    at Promise._settlePromise0 (http://localhost:40867/__cypress/runner/cypress_runner.js:1621:10)\n    at Promise._settlePromises (http://localhost:40867/__cypress/runner/cypress_runner.js:1697:18)\n    at _drainQueueStep (http://localhost:40867/__cypress/runner/cypress_runner.js:2407:12)\n    at _drainQueue (http://localhost:40867/__cypress/runner/cypress_runner.js:2400:9)\n    at Async._drainQueues (http://localhost:40867/__cypress/runner/cypress_runner.js:2416:5)\n    at Async.drainQueues (http://localhost:40867/__cypress/runner/cypress_runner.js:2286:14)\nFrom Your Spec Code:\n    at setup (webpack://blogger/./cypress/e2e/App.cy.js:4:5)\n    at Context.eval (webpack://blogger/./cypress/e2e/App.cy.js:57:4)\n\nFrom Node.js Internals:\n  Error: connect ECONNREFUSED 127.0.0.1:5173\n      at TCPConnectWrap.afterConnect [as oncomplete] (node:net:1187:16)",
                "diff": null
              },
              "uuid": "85ee9a06-8f5a-49e9-9f9f-3e71cfe34069",
              "parentUUID": "3aa6ab44-0de8-49f1-bfef-b374519eb58c",
              "isHook": false,
              "skipped": false
            },
            {
              "title": "O componente <Posts /> deve renderizar os posts do usuário",
              "fullTitle": "4 - Exiba os posts de um usuário O componente <Posts /> deve renderizar os posts do usuário",
              "timedOut": null,
              "duration": 554,
              "state": "failed",
              "speed": null,
              "pass": false,
              "fail": true,
              "pending": false,
              "context": null,
              "code": "_data.users.forEach(user => {\n  setup(`posts/${user.id}`);\n  const userPosts = _data.posts.filter(post => post.userId === user.id);\n  userPosts.forEach(post => {\n    cy.contains(post.title);\n  });\n});",
              "err": {
                "message": "CypressError: `cy.visit()` failed trying to load:\n\nhttp://localhost:5173/posts/1\n\nWe attempted to make an http request to this URL but the request failed without a response.\n\nWe received this error at the network level:\n\n  > Error: connect ECONNREFUSED 127.0.0.1:5173\n\nCommon situations why this would fail:\n  - you don't have internet access\n  - you forgot to run / boot your web server\n  - your web server isn't accessible\n  - you have weird network configuration settings on your computer",
                "estack": "CypressError: `cy.visit()` failed trying to load:\n\nhttp://localhost:5173/posts/1\n\nWe attempted to make an http request to this URL but the request failed without a response.\n\nWe received this error at the network level:\n\n  > Error: connect ECONNREFUSED 127.0.0.1:5173\n\nCommon situations why this would fail:\n  - you don't have internet access\n  - you forgot to run / boot your web server\n  - your web server isn't accessible\n  - you have weird network configuration settings on your computer\n    at <unknown> (http://localhost:40867/__cypress/runner/cypress_runner.js:130312:74)\n    at visitFailedByErr (http://localhost:40867/__cypress/runner/cypress_runner.js:129704:12)\n    at <unknown> (http://localhost:40867/__cypress/runner/cypress_runner.js:130311:11)\n    at tryCatcher (http://localhost:40867/__cypress/runner/cypress_runner.js:1807:23)\n    at Promise._settlePromiseFromHandler (http://localhost:40867/__cypress/runner/cypress_runner.js:1519:31)\n    at Promise._settlePromise (http://localhost:40867/__cypress/runner/cypress_runner.js:1576:18)\n    at Promise._settlePromise0 (http://localhost:40867/__cypress/runner/cypress_runner.js:1621:10)\n    at Promise._settlePromises (http://localhost:40867/__cypress/runner/cypress_runner.js:1697:18)\n    at _drainQueueStep (http://localhost:40867/__cypress/runner/cypress_runner.js:2407:12)\n    at _drainQueue (http://localhost:40867/__cypress/runner/cypress_runner.js:2400:9)\n    at Async._drainQueues (http://localhost:40867/__cypress/runner/cypress_runner.js:2416:5)\n    at Async.drainQueues (http://localhost:40867/__cypress/runner/cypress_runner.js:2286:14)\nFrom Your Spec Code:\n    at setup (webpack://blogger/./cypress/e2e/App.cy.js:4:5)\n    at eval (webpack://blogger/./cypress/e2e/App.cy.js:72:6)\nat Array.forEach (<anonymous>)\n    at Context.eval (webpack://blogger/./cypress/e2e/App.cy.js:71:10)\n\nFrom Node.js Internals:\n  Error: connect ECONNREFUSED 127.0.0.1:5173\n      at TCPConnectWrap.afterConnect [as oncomplete] (node:net:1187:16)",
                "diff": null
              },
              "uuid": "56291b64-aa83-4f2a-a1fa-5e7012f8fcb5",
              "parentUUID": "3aa6ab44-0de8-49f1-bfef-b374519eb58c",
              "isHook": false,
              "skipped": false
            }
          ],
          "suites": [],
          "passes": [],
          "failures": [
            "85ee9a06-8f5a-49e9-9f9f-3e71cfe34069",
            "56291b64-aa83-4f2a-a1fa-5e7012f8fcb5"
          ],
          "pending": [],
          "skipped": [],
          "duration": 1111,
          "root": false,
          "rootEmpty": false,
          "_timeout": 2000
        }
      ],
      "passes": [],
      "failures": [],
      "pending": [],
      "skipped": [],
      "duration": 0,
      "root": true,
      "rootEmpty": true,
      "_timeout": 2000
    }
  ],
  "meta": {
    "mocha": {
      "version": "7.0.1"
    },
    "mochawesome": {
      "options": {
        "quiet": false,
        "reportFilename": "mochawesome",
        "saveHtml": false,
        "saveJson": true,
        "consoleReporter": "spec",
        "useInlineDiffs": false,
        "code": true
      },
      "version": "7.1.3"
    },
    "marge": {
      "options": {
        "id": "default",
        "reportDir": "cypress/reports",
        "overwrite": false,
        "html": false,
        "json": true
      },
      "version": "6.2.0"
    }
  }
}