{
  "stats": {
    "suites": 4,
    "tests": 9,
    "passes": 7,
    "pending": 0,
    "failures": 2,
    "start": "2024-03-06T23:09:55.541Z",
    "end": "2024-03-06T23:09:57.930Z",
    "duration": 2389,
    "testsRegistered": 9,
    "passPercent": 77.77777777777779,
    "pendingPercent": 0,
    "other": 0,
    "hasOther": false,
    "skipped": 0,
    "hasSkipped": false
  },
  "results": [
    {
      "uuid": "34dd3e41-7d45-453a-84a1-2377c4a566b0",
      "title": "",
      "fullFile": "cypress/e2e/App.cy.js",
      "file": "cypress/e2e/App.cy.js",
      "beforeHooks": [],
      "afterHooks": [],
      "tests": [],
      "suites": [
        {
          "uuid": "0c12b918-d593-45d1-9b4f-274142ab342e",
          "title": "1 - Crie as rotas para a aplicação",
          "fullFile": "",
          "file": "",
          "beforeHooks": [],
          "afterHooks": [],
          "tests": [
            {
              "title": "Ao entrar na rota / é renderizado apenas o componente <Users />",
              "fullTitle": "1 - Crie as rotas para a aplicação Ao entrar na rota / é renderizado apenas o componente <Users />",
              "timedOut": null,
              "duration": 341,
              "state": "passed",
              "speed": "fast",
              "pass": true,
              "fail": false,
              "pending": false,
              "context": null,
              "code": "setup();\ncy.get('[data-testid=\"users-page\"]').should('exist');\ncy.get('[data-testid$=\"-page\"]').should('have.length', 1);",
              "err": {},
              "uuid": "1c691cc8-1499-4855-9b93-c0d7580f7fcf",
              "parentUUID": "0c12b918-d593-45d1-9b4f-274142ab342e",
              "isHook": false,
              "skipped": false
            },
            {
              "title": "Ao entrar na rota /about é renderizado apenas o componente <About />",
              "fullTitle": "1 - Crie as rotas para a aplicação Ao entrar na rota /about é renderizado apenas o componente <About />",
              "timedOut": null,
              "duration": 126,
              "state": "passed",
              "speed": "fast",
              "pass": true,
              "fail": false,
              "pending": false,
              "context": null,
              "code": "setup('about');\ncy.get('[data-testid=\"about-page\"]').should('exist');\ncy.get('[data-testid$=\"-page\"]').should('have.length', 1);",
              "err": {},
              "uuid": "5ae4b26b-6c79-4107-954a-f29abe743d99",
              "parentUUID": "0c12b918-d593-45d1-9b4f-274142ab342e",
              "isHook": false,
              "skipped": false
            },
            {
              "title": "Ao entrar na rota /posts é renderizado apenas o componente <Posts />",
              "fullTitle": "1 - Crie as rotas para a aplicação Ao entrar na rota /posts é renderizado apenas o componente <Posts />",
              "timedOut": null,
              "duration": 108,
              "state": "passed",
              "speed": "fast",
              "pass": true,
              "fail": false,
              "pending": false,
              "context": null,
              "code": "setup('posts/id');\ncy.get('[data-testid=\"posts-page\"]').should('exist');\ncy.get('[data-testid$=\"-page\"]').should('have.length', 1);",
              "err": {},
              "uuid": "da37dec6-1dba-49b0-85be-0e2bce187545",
              "parentUUID": "0c12b918-d593-45d1-9b4f-274142ab342e",
              "isHook": false,
              "skipped": false
            },
            {
              "title": "Ao entrar em uma rota não existente é renderizado o componente <NotFound />",
              "fullTitle": "1 - Crie as rotas para a aplicação Ao entrar em uma rota não existente é renderizado o componente <NotFound />",
              "timedOut": null,
              "duration": 110,
              "state": "passed",
              "speed": "fast",
              "pass": true,
              "fail": false,
              "pending": false,
              "context": null,
              "code": "setup('not-found');\ncy.get('[data-testid=\"not-found-page\"]').should('exist');\ncy.get('[data-testid$=\"-page\"]').should('have.length', 1);",
              "err": {},
              "uuid": "a1240c79-1c39-4fa1-b7a0-315037d33cc2",
              "parentUUID": "0c12b918-d593-45d1-9b4f-274142ab342e",
              "isHook": false,
              "skipped": false
            }
          ],
          "suites": [],
          "passes": [
            "1c691cc8-1499-4855-9b93-c0d7580f7fcf",
            "5ae4b26b-6c79-4107-954a-f29abe743d99",
            "da37dec6-1dba-49b0-85be-0e2bce187545",
            "a1240c79-1c39-4fa1-b7a0-315037d33cc2"
          ],
          "failures": [],
          "pending": [],
          "skipped": [],
          "duration": 685,
          "root": false,
          "rootEmpty": false,
          "_timeout": 2000
        },
        {
          "uuid": "d15ad42c-f5ca-415d-bba9-0ca0aa687515",
          "title": "2- Crie dois NavLink dentro do componente Header",
          "fullFile": "",
          "file": "",
          "beforeHooks": [],
          "afterHooks": [],
          "tests": [
            {
              "title": "O primeiro NavLink deve possuir o texto \"Home\" e a rota \"/\"",
              "fullTitle": "2- Crie dois NavLink dentro do componente Header O primeiro NavLink deve possuir o texto \"Home\" e a rota \"/\"",
              "timedOut": null,
              "duration": 106,
              "state": "passed",
              "speed": "fast",
              "pass": true,
              "fail": false,
              "pending": false,
              "context": null,
              "code": "cy.get('a').contains(/home/i).should('have.attr', 'href', '/');",
              "err": {},
              "uuid": "c38b2fa7-93ae-4bce-a559-ed5c1e38d033",
              "parentUUID": "d15ad42c-f5ca-415d-bba9-0ca0aa687515",
              "isHook": false,
              "skipped": false
            },
            {
              "title": "O segundo NavLink deve possuir o texto \"About\" e a rota \"/about\"",
              "fullTitle": "2- Crie dois NavLink dentro do componente Header O segundo NavLink deve possuir o texto \"About\" e a rota \"/about\"",
              "timedOut": null,
              "duration": 110,
              "state": "passed",
              "speed": "fast",
              "pass": true,
              "fail": false,
              "pending": false,
              "context": null,
              "code": "cy.get('a').contains(/about/i).should('have.attr', 'href', '/about');",
              "err": {},
              "uuid": "1030ba5f-b655-4732-bb65-9c3b74d2c488",
              "parentUUID": "d15ad42c-f5ca-415d-bba9-0ca0aa687515",
              "isHook": false,
              "skipped": false
            }
          ],
          "suites": [],
          "passes": [
            "c38b2fa7-93ae-4bce-a559-ed5c1e38d033",
            "1030ba5f-b655-4732-bb65-9c3b74d2c488"
          ],
          "failures": [],
          "pending": [],
          "skipped": [],
          "duration": 216,
          "root": false,
          "rootEmpty": false,
          "_timeout": 2000
        },
        {
          "uuid": "a3875460-fa4c-4ee7-9e55-3c52457ef824",
          "title": "3 - Crie um link para a página de posts de um usuário",
          "fullFile": "",
          "file": "",
          "beforeHooks": [],
          "afterHooks": [],
          "tests": [
            {
              "title": "O link deve possuir o texto \"Posts\" e a rota \"/posts/id\"",
              "fullTitle": "3 - Crie um link para a página de posts de um usuário O link deve possuir o texto \"Posts\" e a rota \"/posts/id\"",
              "timedOut": null,
              "duration": 135,
              "state": "passed",
              "speed": "fast",
              "pass": true,
              "fail": false,
              "pending": false,
              "context": null,
              "code": "for (let id = 1; id <= _data.users.length; id++) {\n  cy.get(`a[href=\"/posts/${id}\"]`).should('exist');\n}",
              "err": {},
              "uuid": "1d7d4707-b457-46cc-9e0d-bf13ab8b4d0b",
              "parentUUID": "a3875460-fa4c-4ee7-9e55-3c52457ef824",
              "isHook": false,
              "skipped": false
            }
          ],
          "suites": [],
          "passes": [
            "1d7d4707-b457-46cc-9e0d-bf13ab8b4d0b"
          ],
          "failures": [],
          "pending": [],
          "skipped": [],
          "duration": 135,
          "root": false,
          "rootEmpty": false,
          "_timeout": 2000
        },
        {
          "uuid": "aae155f4-ac50-4cab-901a-04f8ef41a39a",
          "title": "4 - Exiba os posts de um usuário",
          "fullFile": "",
          "file": "",
          "beforeHooks": [],
          "afterHooks": [],
          "tests": [
            {
              "title": "O componente <Posts /> deve renderizar apenas os posts do primeiro usuário",
              "fullTitle": "4 - Exiba os posts de um usuário O componente <Posts /> deve renderizar apenas os posts do primeiro usuário",
              "timedOut": null,
              "duration": 113,
              "state": "failed",
              "speed": null,
              "pass": false,
              "fail": true,
              "pending": false,
              "context": null,
              "code": "setup('posts/1');\nconst othersPosts = _data.posts.filter(post => post.userId !== 1);\nothersPosts.forEach(post => {\n  cy.get('h2').should('not.contain', post.title);\n});\nconst userPosts = _data.posts.filter(post => post.userId === 1);\nuserPosts.forEach(post => {\n  cy.contains(post.title);\n});",
              "err": {
                "message": "TypeError: The following error originated from your application code, not from Cypress.\n\n  > postData.filter is not a function\n\nWhen Cypress detects uncaught errors originating from your application it will automatically fail the current test.\n\nThis behavior is configurable, and you can choose to turn this off by listening to the `uncaught:exception` event.\n\nhttps://on.cypress.io/uncaught-exception-from-application",
                "estack": "TypeError: The following error originated from your application code, not from Cypress.\n\n  > postData.filter is not a function\n\nWhen Cypress detects uncaught errors originating from your application it will automatically fail the current test.\n\nThis behavior is configurable, and you can choose to turn this off by listening to the `uncaught:exception` event.\n\nhttps://on.cypress.io/uncaught-exception-from-application\n    at Post (http://localhost:5173/src/components/Post.tsx?t=1709766289447:16:37)\n    at renderWithHooks (http://localhost:5173/node_modules/.vite/deps/chunk-MMW4JUSU.js?v=4f9ad22d:12169:26)\n    at mountIndeterminateComponent (http://localhost:5173/node_modules/.vite/deps/chunk-MMW4JUSU.js?v=4f9ad22d:14919:21)\n    at beginWork (http://localhost:5173/node_modules/.vite/deps/chunk-MMW4JUSU.js?v=4f9ad22d:15900:22)\n    at HTMLUnknownElement.callCallback2 (http://localhost:5173/node_modules/.vite/deps/chunk-MMW4JUSU.js?v=4f9ad22d:3672:22)\n    at Object.invokeGuardedCallbackDev (http://localhost:5173/node_modules/.vite/deps/chunk-MMW4JUSU.js?v=4f9ad22d:3697:24)\n    at invokeGuardedCallback (http://localhost:5173/node_modules/.vite/deps/chunk-MMW4JUSU.js?v=4f9ad22d:3731:39)\n    at beginWork$1 (http://localhost:5173/node_modules/.vite/deps/chunk-MMW4JUSU.js?v=4f9ad22d:19759:15)\n    at performUnitOfWork (http://localhost:5173/node_modules/.vite/deps/chunk-MMW4JUSU.js?v=4f9ad22d:19192:20)\n    at workLoopSync (http://localhost:5173/node_modules/.vite/deps/chunk-MMW4JUSU.js?v=4f9ad22d:19131:13)",
                "diff": null
              },
              "uuid": "2b0b37d8-54fc-422f-b117-e80ec7611d23",
              "parentUUID": "aae155f4-ac50-4cab-901a-04f8ef41a39a",
              "isHook": false,
              "skipped": false
            },
            {
              "title": "O componente <Posts /> deve renderizar os posts do usuário",
              "fullTitle": "4 - Exiba os posts de um usuário O componente <Posts /> deve renderizar os posts do usuário",
              "timedOut": null,
              "duration": 145,
              "state": "failed",
              "speed": null,
              "pass": false,
              "fail": true,
              "pending": false,
              "context": null,
              "code": "_data.users.forEach(user => {\n  setup(`posts/${user.id}`);\n  const userPosts = _data.posts.filter(post => post.userId === user.id);\n  userPosts.forEach(post => {\n    cy.contains(post.title);\n  });\n});",
              "err": {
                "message": "TypeError: The following error originated from your application code, not from Cypress.\n\n  > postData.filter is not a function\n\nWhen Cypress detects uncaught errors originating from your application it will automatically fail the current test.\n\nThis behavior is configurable, and you can choose to turn this off by listening to the `uncaught:exception` event.\n\nhttps://on.cypress.io/uncaught-exception-from-application",
                "estack": "TypeError: The following error originated from your application code, not from Cypress.\n\n  > postData.filter is not a function\n\nWhen Cypress detects uncaught errors originating from your application it will automatically fail the current test.\n\nThis behavior is configurable, and you can choose to turn this off by listening to the `uncaught:exception` event.\n\nhttps://on.cypress.io/uncaught-exception-from-application\n    at Post (http://localhost:5173/src/components/Post.tsx?t=1709766289447:16:37)\n    at renderWithHooks (http://localhost:5173/node_modules/.vite/deps/chunk-MMW4JUSU.js?v=4f9ad22d:12169:26)\n    at mountIndeterminateComponent (http://localhost:5173/node_modules/.vite/deps/chunk-MMW4JUSU.js?v=4f9ad22d:14919:21)\n    at beginWork (http://localhost:5173/node_modules/.vite/deps/chunk-MMW4JUSU.js?v=4f9ad22d:15900:22)\n    at HTMLUnknownElement.callCallback2 (http://localhost:5173/node_modules/.vite/deps/chunk-MMW4JUSU.js?v=4f9ad22d:3672:22)\n    at Object.invokeGuardedCallbackDev (http://localhost:5173/node_modules/.vite/deps/chunk-MMW4JUSU.js?v=4f9ad22d:3697:24)\n    at invokeGuardedCallback (http://localhost:5173/node_modules/.vite/deps/chunk-MMW4JUSU.js?v=4f9ad22d:3731:39)\n    at beginWork$1 (http://localhost:5173/node_modules/.vite/deps/chunk-MMW4JUSU.js?v=4f9ad22d:19759:15)\n    at performUnitOfWork (http://localhost:5173/node_modules/.vite/deps/chunk-MMW4JUSU.js?v=4f9ad22d:19192:20)\n    at workLoopSync (http://localhost:5173/node_modules/.vite/deps/chunk-MMW4JUSU.js?v=4f9ad22d:19131:13)",
                "diff": null
              },
              "uuid": "26f9206f-5d9f-463a-bab8-5292f3876eef",
              "parentUUID": "aae155f4-ac50-4cab-901a-04f8ef41a39a",
              "isHook": false,
              "skipped": false
            }
          ],
          "suites": [],
          "passes": [],
          "failures": [
            "2b0b37d8-54fc-422f-b117-e80ec7611d23",
            "26f9206f-5d9f-463a-bab8-5292f3876eef"
          ],
          "pending": [],
          "skipped": [],
          "duration": 258,
          "root": false,
          "rootEmpty": false,
          "_timeout": 2000
        }
      ],
      "passes": [],
      "failures": [],
      "pending": [],
      "skipped": [],
      "duration": 0,
      "root": true,
      "rootEmpty": true,
      "_timeout": 2000
    }
  ],
  "meta": {
    "mocha": {
      "version": "7.0.1"
    },
    "mochawesome": {
      "options": {
        "quiet": false,
        "reportFilename": "mochawesome",
        "saveHtml": false,
        "saveJson": true,
        "consoleReporter": "spec",
        "useInlineDiffs": false,
        "code": true
      },
      "version": "7.1.3"
    },
    "marge": {
      "options": {
        "id": "default",
        "reportDir": "cypress/reports",
        "overwrite": false,
        "html": false,
        "json": true
      },
      "version": "6.2.0"
    }
  }
}