{
  "stats": {
    "suites": 4,
    "tests": 8,
    "passes": 0,
    "pending": 0,
    "failures": 8,
    "start": "2024-03-06T21:45:51.909Z",
    "end": "2024-03-06T21:45:56.455Z",
    "duration": 4546,
    "testsRegistered": 9,
    "passPercent": 0,
    "pendingPercent": 0,
    "other": 0,
    "hasOther": false,
    "skipped": 1,
    "hasSkipped": true
  },
  "results": [
    {
      "uuid": "ef0d39a1-ae9f-46a7-a874-83aa9249dd30",
      "title": "",
      "fullFile": "cypress/e2e/App.cy.js",
      "file": "cypress/e2e/App.cy.js",
      "beforeHooks": [],
      "afterHooks": [],
      "tests": [],
      "suites": [
        {
          "uuid": "f2bec24e-1b98-4a5f-939d-6c4a367c93fe",
          "title": "1 - Crie as rotas para a aplicação",
          "fullFile": "",
          "file": "",
          "beforeHooks": [],
          "afterHooks": [],
          "tests": [
            {
              "title": "Ao entrar na rota / é renderizado apenas o componente <Users />",
              "fullTitle": "1 - Crie as rotas para a aplicação Ao entrar na rota / é renderizado apenas o componente <Users />",
              "timedOut": null,
              "duration": 555,
              "state": "failed",
              "speed": null,
              "pass": false,
              "fail": true,
              "pending": false,
              "context": null,
              "code": "setup();\ncy.get('[data-testid=\"users-page\"]').should('exist');\ncy.get('[data-testid$=\"-page\"]').should('have.length', 1);",
              "err": {
                "message": "CypressError: `cy.visit()` failed trying to load:\n\nhttp://localhost:5173/\n\nWe attempted to make an http request to this URL but the request failed without a response.\n\nWe received this error at the network level:\n\n  > Error: connect ECONNREFUSED 127.0.0.1:5173\n\nCommon situations why this would fail:\n  - you don't have internet access\n  - you forgot to run / boot your web server\n  - your web server isn't accessible\n  - you have weird network configuration settings on your computer",
                "estack": "CypressError: `cy.visit()` failed trying to load:\n\nhttp://localhost:5173/\n\nWe attempted to make an http request to this URL but the request failed without a response.\n\nWe received this error at the network level:\n\n  > Error: connect ECONNREFUSED 127.0.0.1:5173\n\nCommon situations why this would fail:\n  - you don't have internet access\n  - you forgot to run / boot your web server\n  - your web server isn't accessible\n  - you have weird network configuration settings on your computer\n    at <unknown> (http://localhost:44621/__cypress/runner/cypress_runner.js:130312:74)\n    at visitFailedByErr (http://localhost:44621/__cypress/runner/cypress_runner.js:129704:12)\n    at <unknown> (http://localhost:44621/__cypress/runner/cypress_runner.js:130311:11)\n    at tryCatcher (http://localhost:44621/__cypress/runner/cypress_runner.js:1807:23)\n    at Promise._settlePromiseFromHandler (http://localhost:44621/__cypress/runner/cypress_runner.js:1519:31)\n    at Promise._settlePromise (http://localhost:44621/__cypress/runner/cypress_runner.js:1576:18)\n    at Promise._settlePromise0 (http://localhost:44621/__cypress/runner/cypress_runner.js:1621:10)\n    at Promise._settlePromises (http://localhost:44621/__cypress/runner/cypress_runner.js:1697:18)\n    at _drainQueueStep (http://localhost:44621/__cypress/runner/cypress_runner.js:2407:12)\n    at _drainQueue (http://localhost:44621/__cypress/runner/cypress_runner.js:2400:9)\n    at Async._drainQueues (http://localhost:44621/__cypress/runner/cypress_runner.js:2416:5)\n    at Async.drainQueues (http://localhost:44621/__cypress/runner/cypress_runner.js:2286:14)\nFrom Your Spec Code:\n    at setup (webpack://blogger/./cypress/e2e/App.cy.js:4:5)\n    at Context.eval (webpack://blogger/./cypress/e2e/App.cy.js:9:4)\n\nFrom Node.js Internals:\n  Error: connect ECONNREFUSED 127.0.0.1:5173\n      at TCPConnectWrap.afterConnect [as oncomplete] (node:net:1187:16)",
                "diff": null
              },
              "uuid": "8d916c2d-c9d3-4dc8-9124-47b1e2784840",
              "parentUUID": "f2bec24e-1b98-4a5f-939d-6c4a367c93fe",
              "isHook": false,
              "skipped": false
            },
            {
              "title": "Ao entrar na rota /about é renderizado apenas o componente <About />",
              "fullTitle": "1 - Crie as rotas para a aplicação Ao entrar na rota /about é renderizado apenas o componente <About />",
              "timedOut": null,
              "duration": 548,
              "state": "failed",
              "speed": null,
              "pass": false,
              "fail": true,
              "pending": false,
              "context": null,
              "code": "setup('about');\ncy.get('[data-testid=\"about-page\"]').should('exist');\ncy.get('[data-testid$=\"-page\"]').should('have.length', 1);",
              "err": {
                "message": "CypressError: `cy.visit()` failed trying to load:\n\nhttp://localhost:5173/about\n\nWe attempted to make an http request to this URL but the request failed without a response.\n\nWe received this error at the network level:\n\n  > Error: connect ECONNREFUSED 127.0.0.1:5173\n\nCommon situations why this would fail:\n  - you don't have internet access\n  - you forgot to run / boot your web server\n  - your web server isn't accessible\n  - you have weird network configuration settings on your computer",
                "estack": "CypressError: `cy.visit()` failed trying to load:\n\nhttp://localhost:5173/about\n\nWe attempted to make an http request to this URL but the request failed without a response.\n\nWe received this error at the network level:\n\n  > Error: connect ECONNREFUSED 127.0.0.1:5173\n\nCommon situations why this would fail:\n  - you don't have internet access\n  - you forgot to run / boot your web server\n  - your web server isn't accessible\n  - you have weird network configuration settings on your computer\n    at <unknown> (http://localhost:44621/__cypress/runner/cypress_runner.js:130312:74)\n    at visitFailedByErr (http://localhost:44621/__cypress/runner/cypress_runner.js:129704:12)\n    at <unknown> (http://localhost:44621/__cypress/runner/cypress_runner.js:130311:11)\n    at tryCatcher (http://localhost:44621/__cypress/runner/cypress_runner.js:1807:23)\n    at Promise._settlePromiseFromHandler (http://localhost:44621/__cypress/runner/cypress_runner.js:1519:31)\n    at Promise._settlePromise (http://localhost:44621/__cypress/runner/cypress_runner.js:1576:18)\n    at Promise._settlePromise0 (http://localhost:44621/__cypress/runner/cypress_runner.js:1621:10)\n    at Promise._settlePromises (http://localhost:44621/__cypress/runner/cypress_runner.js:1697:18)\n    at _drainQueueStep (http://localhost:44621/__cypress/runner/cypress_runner.js:2407:12)\n    at _drainQueue (http://localhost:44621/__cypress/runner/cypress_runner.js:2400:9)\n    at Async._drainQueues (http://localhost:44621/__cypress/runner/cypress_runner.js:2416:5)\n    at Async.drainQueues (http://localhost:44621/__cypress/runner/cypress_runner.js:2286:14)\nFrom Your Spec Code:\n    at setup (webpack://blogger/./cypress/e2e/App.cy.js:4:5)\n    at Context.eval (webpack://blogger/./cypress/e2e/App.cy.js:15:4)\n\nFrom Node.js Internals:\n  Error: connect ECONNREFUSED 127.0.0.1:5173\n      at TCPConnectWrap.afterConnect [as oncomplete] (node:net:1187:16)",
                "diff": null
              },
              "uuid": "8ef46837-14fc-4f15-a023-cde8449bd84e",
              "parentUUID": "f2bec24e-1b98-4a5f-939d-6c4a367c93fe",
              "isHook": false,
              "skipped": false
            },
            {
              "title": "Ao entrar na rota /posts é renderizado apenas o componente <Posts />",
              "fullTitle": "1 - Crie as rotas para a aplicação Ao entrar na rota /posts é renderizado apenas o componente <Posts />",
              "timedOut": null,
              "duration": 549,
              "state": "failed",
              "speed": null,
              "pass": false,
              "fail": true,
              "pending": false,
              "context": null,
              "code": "setup('posts/id');\ncy.get('[data-testid=\"posts-page\"]').should('exist');\ncy.get('[data-testid$=\"-page\"]').should('have.length', 1);",
              "err": {
                "message": "CypressError: `cy.visit()` failed trying to load:\n\nhttp://localhost:5173/posts/id\n\nWe attempted to make an http request to this URL but the request failed without a response.\n\nWe received this error at the network level:\n\n  > Error: connect ECONNREFUSED 127.0.0.1:5173\n\nCommon situations why this would fail:\n  - you don't have internet access\n  - you forgot to run / boot your web server\n  - your web server isn't accessible\n  - you have weird network configuration settings on your computer",
                "estack": "CypressError: `cy.visit()` failed trying to load:\n\nhttp://localhost:5173/posts/id\n\nWe attempted to make an http request to this URL but the request failed without a response.\n\nWe received this error at the network level:\n\n  > Error: connect ECONNREFUSED 127.0.0.1:5173\n\nCommon situations why this would fail:\n  - you don't have internet access\n  - you forgot to run / boot your web server\n  - your web server isn't accessible\n  - you have weird network configuration settings on your computer\n    at <unknown> (http://localhost:44621/__cypress/runner/cypress_runner.js:130312:74)\n    at visitFailedByErr (http://localhost:44621/__cypress/runner/cypress_runner.js:129704:12)\n    at <unknown> (http://localhost:44621/__cypress/runner/cypress_runner.js:130311:11)\n    at tryCatcher (http://localhost:44621/__cypress/runner/cypress_runner.js:1807:23)\n    at Promise._settlePromiseFromHandler (http://localhost:44621/__cypress/runner/cypress_runner.js:1519:31)\n    at Promise._settlePromise (http://localhost:44621/__cypress/runner/cypress_runner.js:1576:18)\n    at Promise._settlePromise0 (http://localhost:44621/__cypress/runner/cypress_runner.js:1621:10)\n    at Promise._settlePromises (http://localhost:44621/__cypress/runner/cypress_runner.js:1697:18)\n    at _drainQueueStep (http://localhost:44621/__cypress/runner/cypress_runner.js:2407:12)\n    at _drainQueue (http://localhost:44621/__cypress/runner/cypress_runner.js:2400:9)\n    at Async._drainQueues (http://localhost:44621/__cypress/runner/cypress_runner.js:2416:5)\n    at Async.drainQueues (http://localhost:44621/__cypress/runner/cypress_runner.js:2286:14)\nFrom Your Spec Code:\n    at setup (webpack://blogger/./cypress/e2e/App.cy.js:4:5)\n    at Context.eval (webpack://blogger/./cypress/e2e/App.cy.js:21:4)\n\nFrom Node.js Internals:\n  Error: connect ECONNREFUSED 127.0.0.1:5173\n      at TCPConnectWrap.afterConnect [as oncomplete] (node:net:1187:16)",
                "diff": null
              },
              "uuid": "88073f31-b6ed-42f0-bf22-4bc621a11fac",
              "parentUUID": "f2bec24e-1b98-4a5f-939d-6c4a367c93fe",
              "isHook": false,
              "skipped": false
            },
            {
              "title": "Ao entrar em uma rota não existente é renderizado o componente <NotFound />",
              "fullTitle": "1 - Crie as rotas para a aplicação Ao entrar em uma rota não existente é renderizado o componente <NotFound />",
              "timedOut": null,
              "duration": 541,
              "state": "failed",
              "speed": null,
              "pass": false,
              "fail": true,
              "pending": false,
              "context": null,
              "code": "setup('not-found');\ncy.get('[data-testid=\"not-found-page\"]').should('exist');\ncy.get('[data-testid$=\"-page\"]').should('have.length', 1);",
              "err": {
                "message": "CypressError: `cy.visit()` failed trying to load:\n\nhttp://localhost:5173/not-found\n\nWe attempted to make an http request to this URL but the request failed without a response.\n\nWe received this error at the network level:\n\n  > Error: connect ECONNREFUSED 127.0.0.1:5173\n\nCommon situations why this would fail:\n  - you don't have internet access\n  - you forgot to run / boot your web server\n  - your web server isn't accessible\n  - you have weird network configuration settings on your computer",
                "estack": "CypressError: `cy.visit()` failed trying to load:\n\nhttp://localhost:5173/not-found\n\nWe attempted to make an http request to this URL but the request failed without a response.\n\nWe received this error at the network level:\n\n  > Error: connect ECONNREFUSED 127.0.0.1:5173\n\nCommon situations why this would fail:\n  - you don't have internet access\n  - you forgot to run / boot your web server\n  - your web server isn't accessible\n  - you have weird network configuration settings on your computer\n    at <unknown> (http://localhost:44621/__cypress/runner/cypress_runner.js:130312:74)\n    at visitFailedByErr (http://localhost:44621/__cypress/runner/cypress_runner.js:129704:12)\n    at <unknown> (http://localhost:44621/__cypress/runner/cypress_runner.js:130311:11)\n    at tryCatcher (http://localhost:44621/__cypress/runner/cypress_runner.js:1807:23)\n    at Promise._settlePromiseFromHandler (http://localhost:44621/__cypress/runner/cypress_runner.js:1519:31)\n    at Promise._settlePromise (http://localhost:44621/__cypress/runner/cypress_runner.js:1576:18)\n    at Promise._settlePromise0 (http://localhost:44621/__cypress/runner/cypress_runner.js:1621:10)\n    at Promise._settlePromises (http://localhost:44621/__cypress/runner/cypress_runner.js:1697:18)\n    at _drainQueueStep (http://localhost:44621/__cypress/runner/cypress_runner.js:2407:12)\n    at _drainQueue (http://localhost:44621/__cypress/runner/cypress_runner.js:2400:9)\n    at Async._drainQueues (http://localhost:44621/__cypress/runner/cypress_runner.js:2416:5)\n    at Async.drainQueues (http://localhost:44621/__cypress/runner/cypress_runner.js:2286:14)\nFrom Your Spec Code:\n    at setup (webpack://blogger/./cypress/e2e/App.cy.js:4:5)\n    at Context.eval (webpack://blogger/./cypress/e2e/App.cy.js:27:4)\n\nFrom Node.js Internals:\n  Error: connect ECONNREFUSED 127.0.0.1:5173\n      at TCPConnectWrap.afterConnect [as oncomplete] (node:net:1187:16)",
                "diff": null
              },
              "uuid": "d265b78c-bdbf-445c-aa7a-8127f186ebb8",
              "parentUUID": "f2bec24e-1b98-4a5f-939d-6c4a367c93fe",
              "isHook": false,
              "skipped": false
            }
          ],
          "suites": [],
          "passes": [],
          "failures": [
            "8d916c2d-c9d3-4dc8-9124-47b1e2784840",
            "8ef46837-14fc-4f15-a023-cde8449bd84e",
            "88073f31-b6ed-42f0-bf22-4bc621a11fac",
            "d265b78c-bdbf-445c-aa7a-8127f186ebb8"
          ],
          "pending": [],
          "skipped": [],
          "duration": 2193,
          "root": false,
          "rootEmpty": false,
          "_timeout": 2000
        },
        {
          "uuid": "44c469a0-06c3-4f28-b19f-52fce9d9d4e3",
          "title": "2- Crie dois NavLink dentro do componente Header",
          "fullFile": "",
          "file": "",
          "beforeHooks": [],
          "afterHooks": [],
          "tests": [
            {
              "title": "O primeiro NavLink deve possuir o texto \"Home\" e a rota \"/\"",
              "fullTitle": "2- Crie dois NavLink dentro do componente Header O primeiro NavLink deve possuir o texto \"Home\" e a rota \"/\"",
              "timedOut": null,
              "duration": 544,
              "state": "failed",
              "speed": null,
              "pass": false,
              "fail": true,
              "pending": false,
              "context": null,
              "code": "cy.get('a').contains(/home/i).should('have.attr', 'href', '/');",
              "err": {
                "message": "CypressError: `cy.visit()` failed trying to load:\n\nhttp://localhost:5173/\n\nWe attempted to make an http request to this URL but the request failed without a response.\n\nWe received this error at the network level:\n\n  > Error: connect ECONNREFUSED 127.0.0.1:5173\n\nCommon situations why this would fail:\n  - you don't have internet access\n  - you forgot to run / boot your web server\n  - your web server isn't accessible\n  - you have weird network configuration settings on your computer\n\nBecause this error occurred during a `before each` hook we are skipping the remaining tests in the current suite: `2- Crie dois NavLink dentro...`",
                "estack": "CypressError: `cy.visit()` failed trying to load:\n\nhttp://localhost:5173/\n\nWe attempted to make an http request to this URL but the request failed without a response.\n\nWe received this error at the network level:\n\n  > Error: connect ECONNREFUSED 127.0.0.1:5173\n\nCommon situations why this would fail:\n  - you don't have internet access\n  - you forgot to run / boot your web server\n  - your web server isn't accessible\n  - you have weird network configuration settings on your computer\n\nBecause this error occurred during a `before each` hook we are skipping the remaining tests in the current suite: `2- Crie dois NavLink dentro...`\n    at <unknown> (http://localhost:44621/__cypress/runner/cypress_runner.js:130312:74)\n    at visitFailedByErr (http://localhost:44621/__cypress/runner/cypress_runner.js:129704:12)\n    at <unknown> (http://localhost:44621/__cypress/runner/cypress_runner.js:130311:11)\n    at tryCatcher (http://localhost:44621/__cypress/runner/cypress_runner.js:1807:23)\n    at Promise._settlePromiseFromHandler (http://localhost:44621/__cypress/runner/cypress_runner.js:1519:31)\n    at Promise._settlePromise (http://localhost:44621/__cypress/runner/cypress_runner.js:1576:18)\n    at Promise._settlePromise0 (http://localhost:44621/__cypress/runner/cypress_runner.js:1621:10)\n    at Promise._settlePromises (http://localhost:44621/__cypress/runner/cypress_runner.js:1697:18)\n    at _drainQueueStep (http://localhost:44621/__cypress/runner/cypress_runner.js:2407:12)\n    at _drainQueue (http://localhost:44621/__cypress/runner/cypress_runner.js:2400:9)\n    at Async._drainQueues (http://localhost:44621/__cypress/runner/cypress_runner.js:2416:5)\n    at Async.drainQueues (http://localhost:44621/__cypress/runner/cypress_runner.js:2286:14)\nFrom Your Spec Code:\n    at Context.setup (webpack://blogger/./cypress/e2e/App.cy.js:4:5)\n\nFrom Node.js Internals:\n  Error: connect ECONNREFUSED 127.0.0.1:5173\n      at TCPConnectWrap.afterConnect [as oncomplete] (node:net:1187:16)",
                "diff": null
              },
              "uuid": "e56d3ccd-0141-43e9-8824-6ded996695c7",
              "parentUUID": "44c469a0-06c3-4f28-b19f-52fce9d9d4e3",
              "isHook": false,
              "skipped": false
            },
            {
              "title": "O segundo NavLink deve possuir o texto \"About\" e a rota \"/about\"",
              "fullTitle": "2- Crie dois NavLink dentro do componente Header O segundo NavLink deve possuir o texto \"About\" e a rota \"/about\"",
              "timedOut": null,
              "duration": 0,
              "state": "skipped",
              "speed": null,
              "pass": false,
              "fail": false,
              "pending": false,
              "context": null,
              "code": "cy.get('a').contains(/about/i).should('have.attr', 'href', '/about');",
              "err": {},
              "uuid": "3d6f3580-bfb8-4b9c-a17d-7dac43e6b47d",
              "parentUUID": "44c469a0-06c3-4f28-b19f-52fce9d9d4e3",
              "isHook": false,
              "skipped": true
            }
          ],
          "suites": [],
          "passes": [],
          "failures": [
            "e56d3ccd-0141-43e9-8824-6ded996695c7"
          ],
          "pending": [],
          "skipped": [
            "3d6f3580-bfb8-4b9c-a17d-7dac43e6b47d"
          ],
          "duration": 544,
          "root": false,
          "rootEmpty": false,
          "_timeout": 2000
        },
        {
          "uuid": "0d80f55c-51d4-47b4-b025-fdda93f8c364",
          "title": "3 - Crie um link para a página de posts de um usuário",
          "fullFile": "",
          "file": "",
          "beforeHooks": [],
          "afterHooks": [],
          "tests": [
            {
              "title": "O link deve possuir o texto \"Posts\" e a rota \"/posts/id\"",
              "fullTitle": "3 - Crie um link para a página de posts de um usuário O link deve possuir o texto \"Posts\" e a rota \"/posts/id\"",
              "timedOut": null,
              "duration": 543,
              "state": "failed",
              "speed": null,
              "pass": false,
              "fail": true,
              "pending": false,
              "context": null,
              "code": "for (let id = 1; id <= _data.users.length; id++) {\n  cy.get(`a[href=\"/posts/${id}\"]`).should('exist');\n}",
              "err": {
                "message": "CypressError: `cy.visit()` failed trying to load:\n\nhttp://localhost:5173/\n\nWe attempted to make an http request to this URL but the request failed without a response.\n\nWe received this error at the network level:\n\n  > Error: connect ECONNREFUSED 127.0.0.1:5173\n\nCommon situations why this would fail:\n  - you don't have internet access\n  - you forgot to run / boot your web server\n  - your web server isn't accessible\n  - you have weird network configuration settings on your computer\n\nBecause this error occurred during a `before each` hook we are skipping the remaining tests in the current suite: `3 - Crie um link para a pág...`",
                "estack": "CypressError: `cy.visit()` failed trying to load:\n\nhttp://localhost:5173/\n\nWe attempted to make an http request to this URL but the request failed without a response.\n\nWe received this error at the network level:\n\n  > Error: connect ECONNREFUSED 127.0.0.1:5173\n\nCommon situations why this would fail:\n  - you don't have internet access\n  - you forgot to run / boot your web server\n  - your web server isn't accessible\n  - you have weird network configuration settings on your computer\n\nBecause this error occurred during a `before each` hook we are skipping the remaining tests in the current suite: `3 - Crie um link para a pág...`\n    at <unknown> (http://localhost:44621/__cypress/runner/cypress_runner.js:130312:74)\n    at visitFailedByErr (http://localhost:44621/__cypress/runner/cypress_runner.js:129704:12)\n    at <unknown> (http://localhost:44621/__cypress/runner/cypress_runner.js:130311:11)\n    at tryCatcher (http://localhost:44621/__cypress/runner/cypress_runner.js:1807:23)\n    at Promise._settlePromiseFromHandler (http://localhost:44621/__cypress/runner/cypress_runner.js:1519:31)\n    at Promise._settlePromise (http://localhost:44621/__cypress/runner/cypress_runner.js:1576:18)\n    at Promise._settlePromise0 (http://localhost:44621/__cypress/runner/cypress_runner.js:1621:10)\n    at Promise._settlePromises (http://localhost:44621/__cypress/runner/cypress_runner.js:1697:18)\n    at _drainQueueStep (http://localhost:44621/__cypress/runner/cypress_runner.js:2407:12)\n    at _drainQueue (http://localhost:44621/__cypress/runner/cypress_runner.js:2400:9)\n    at Async._drainQueues (http://localhost:44621/__cypress/runner/cypress_runner.js:2416:5)\n    at Async.drainQueues (http://localhost:44621/__cypress/runner/cypress_runner.js:2286:14)\nFrom Your Spec Code:\n    at Context.setup (webpack://blogger/./cypress/e2e/App.cy.js:4:5)\n\nFrom Node.js Internals:\n  Error: connect ECONNREFUSED 127.0.0.1:5173\n      at TCPConnectWrap.afterConnect [as oncomplete] (node:net:1187:16)",
                "diff": null
              },
              "uuid": "4ec1a535-d705-481a-9b9d-506886e29f15",
              "parentUUID": "0d80f55c-51d4-47b4-b025-fdda93f8c364",
              "isHook": false,
              "skipped": false
            }
          ],
          "suites": [],
          "passes": [],
          "failures": [
            "4ec1a535-d705-481a-9b9d-506886e29f15"
          ],
          "pending": [],
          "skipped": [],
          "duration": 543,
          "root": false,
          "rootEmpty": false,
          "_timeout": 2000
        },
        {
          "uuid": "b2728d6c-0419-4741-b239-cf8f8e0ada00",
          "title": "4 - Exiba os posts de um usuário",
          "fullFile": "",
          "file": "",
          "beforeHooks": [],
          "afterHooks": [],
          "tests": [
            {
              "title": "O componente <Posts /> deve renderizar apenas os posts do primeiro usuário",
              "fullTitle": "4 - Exiba os posts de um usuário O componente <Posts /> deve renderizar apenas os posts do primeiro usuário",
              "timedOut": null,
              "duration": 549,
              "state": "failed",
              "speed": null,
              "pass": false,
              "fail": true,
              "pending": false,
              "context": null,
              "code": "setup('posts/1');\nconst othersPosts = _data.posts.filter(post => post.userId !== 1);\nothersPosts.forEach(post => {\n  cy.get('h2').should('not.contain', post.title);\n});\nconst userPosts = _data.posts.filter(post => post.userId === 1);\nuserPosts.forEach(post => {\n  cy.contains(post.title);\n});",
              "err": {
                "message": "CypressError: `cy.visit()` failed trying to load:\n\nhttp://localhost:5173/posts/1\n\nWe attempted to make an http request to this URL but the request failed without a response.\n\nWe received this error at the network level:\n\n  > Error: connect ECONNREFUSED 127.0.0.1:5173\n\nCommon situations why this would fail:\n  - you don't have internet access\n  - you forgot to run / boot your web server\n  - your web server isn't accessible\n  - you have weird network configuration settings on your computer",
                "estack": "CypressError: `cy.visit()` failed trying to load:\n\nhttp://localhost:5173/posts/1\n\nWe attempted to make an http request to this URL but the request failed without a response.\n\nWe received this error at the network level:\n\n  > Error: connect ECONNREFUSED 127.0.0.1:5173\n\nCommon situations why this would fail:\n  - you don't have internet access\n  - you forgot to run / boot your web server\n  - your web server isn't accessible\n  - you have weird network configuration settings on your computer\n    at <unknown> (http://localhost:44621/__cypress/runner/cypress_runner.js:130312:74)\n    at visitFailedByErr (http://localhost:44621/__cypress/runner/cypress_runner.js:129704:12)\n    at <unknown> (http://localhost:44621/__cypress/runner/cypress_runner.js:130311:11)\n    at tryCatcher (http://localhost:44621/__cypress/runner/cypress_runner.js:1807:23)\n    at Promise._settlePromiseFromHandler (http://localhost:44621/__cypress/runner/cypress_runner.js:1519:31)\n    at Promise._settlePromise (http://localhost:44621/__cypress/runner/cypress_runner.js:1576:18)\n    at Promise._settlePromise0 (http://localhost:44621/__cypress/runner/cypress_runner.js:1621:10)\n    at Promise._settlePromises (http://localhost:44621/__cypress/runner/cypress_runner.js:1697:18)\n    at _drainQueueStep (http://localhost:44621/__cypress/runner/cypress_runner.js:2407:12)\n    at _drainQueue (http://localhost:44621/__cypress/runner/cypress_runner.js:2400:9)\n    at Async._drainQueues (http://localhost:44621/__cypress/runner/cypress_runner.js:2416:5)\n    at Async.drainQueues (http://localhost:44621/__cypress/runner/cypress_runner.js:2286:14)\nFrom Your Spec Code:\n    at setup (webpack://blogger/./cypress/e2e/App.cy.js:4:5)\n    at Context.eval (webpack://blogger/./cypress/e2e/App.cy.js:57:4)\n\nFrom Node.js Internals:\n  Error: connect ECONNREFUSED 127.0.0.1:5173\n      at TCPConnectWrap.afterConnect [as oncomplete] (node:net:1187:16)",
                "diff": null
              },
              "uuid": "ca7fa303-d679-4b54-9b48-bd31d3d3f930",
              "parentUUID": "b2728d6c-0419-4741-b239-cf8f8e0ada00",
              "isHook": false,
              "skipped": false
            },
            {
              "title": "O componente <Posts /> deve renderizar os posts do usuário",
              "fullTitle": "4 - Exiba os posts de um usuário O componente <Posts /> deve renderizar os posts do usuário",
              "timedOut": null,
              "duration": 553,
              "state": "failed",
              "speed": null,
              "pass": false,
              "fail": true,
              "pending": false,
              "context": null,
              "code": "_data.users.forEach(user => {\n  setup(`posts/${user.id}`);\n  const userPosts = _data.posts.filter(post => post.userId === user.id);\n  userPosts.forEach(post => {\n    cy.contains(post.title);\n  });\n});",
              "err": {
                "message": "CypressError: `cy.visit()` failed trying to load:\n\nhttp://localhost:5173/posts/1\n\nWe attempted to make an http request to this URL but the request failed without a response.\n\nWe received this error at the network level:\n\n  > Error: connect ECONNREFUSED 127.0.0.1:5173\n\nCommon situations why this would fail:\n  - you don't have internet access\n  - you forgot to run / boot your web server\n  - your web server isn't accessible\n  - you have weird network configuration settings on your computer",
                "estack": "CypressError: `cy.visit()` failed trying to load:\n\nhttp://localhost:5173/posts/1\n\nWe attempted to make an http request to this URL but the request failed without a response.\n\nWe received this error at the network level:\n\n  > Error: connect ECONNREFUSED 127.0.0.1:5173\n\nCommon situations why this would fail:\n  - you don't have internet access\n  - you forgot to run / boot your web server\n  - your web server isn't accessible\n  - you have weird network configuration settings on your computer\n    at <unknown> (http://localhost:44621/__cypress/runner/cypress_runner.js:130312:74)\n    at visitFailedByErr (http://localhost:44621/__cypress/runner/cypress_runner.js:129704:12)\n    at <unknown> (http://localhost:44621/__cypress/runner/cypress_runner.js:130311:11)\n    at tryCatcher (http://localhost:44621/__cypress/runner/cypress_runner.js:1807:23)\n    at Promise._settlePromiseFromHandler (http://localhost:44621/__cypress/runner/cypress_runner.js:1519:31)\n    at Promise._settlePromise (http://localhost:44621/__cypress/runner/cypress_runner.js:1576:18)\n    at Promise._settlePromise0 (http://localhost:44621/__cypress/runner/cypress_runner.js:1621:10)\n    at Promise._settlePromises (http://localhost:44621/__cypress/runner/cypress_runner.js:1697:18)\n    at _drainQueueStep (http://localhost:44621/__cypress/runner/cypress_runner.js:2407:12)\n    at _drainQueue (http://localhost:44621/__cypress/runner/cypress_runner.js:2400:9)\n    at Async._drainQueues (http://localhost:44621/__cypress/runner/cypress_runner.js:2416:5)\n    at Async.drainQueues (http://localhost:44621/__cypress/runner/cypress_runner.js:2286:14)\nFrom Your Spec Code:\n    at setup (webpack://blogger/./cypress/e2e/App.cy.js:4:5)\n    at eval (webpack://blogger/./cypress/e2e/App.cy.js:72:6)\nat Array.forEach (<anonymous>)\n    at Context.eval (webpack://blogger/./cypress/e2e/App.cy.js:71:10)\n\nFrom Node.js Internals:\n  Error: connect ECONNREFUSED 127.0.0.1:5173\n      at TCPConnectWrap.afterConnect [as oncomplete] (node:net:1187:16)",
                "diff": null
              },
              "uuid": "ae7f5167-b0fa-460a-a8bb-ffab1746a069",
              "parentUUID": "b2728d6c-0419-4741-b239-cf8f8e0ada00",
              "isHook": false,
              "skipped": false
            }
          ],
          "suites": [],
          "passes": [],
          "failures": [
            "ca7fa303-d679-4b54-9b48-bd31d3d3f930",
            "ae7f5167-b0fa-460a-a8bb-ffab1746a069"
          ],
          "pending": [],
          "skipped": [],
          "duration": 1102,
          "root": false,
          "rootEmpty": false,
          "_timeout": 2000
        }
      ],
      "passes": [],
      "failures": [],
      "pending": [],
      "skipped": [],
      "duration": 0,
      "root": true,
      "rootEmpty": true,
      "_timeout": 2000
    }
  ],
  "meta": {
    "mocha": {
      "version": "7.0.1"
    },
    "mochawesome": {
      "options": {
        "quiet": false,
        "reportFilename": "mochawesome",
        "saveHtml": false,
        "saveJson": true,
        "consoleReporter": "spec",
        "useInlineDiffs": false,
        "code": true
      },
      "version": "7.1.3"
    },
    "marge": {
      "options": {
        "id": "default",
        "reportDir": "cypress/reports",
        "overwrite": false,
        "html": false,
        "json": true
      },
      "version": "6.2.0"
    }
  }
}