{
  "stats": {
    "suites": 4,
    "tests": 9,
    "passes": 4,
    "pending": 0,
    "failures": 5,
    "start": "2024-03-06T22:21:38.867Z",
    "end": "2024-03-06T22:22:31.463Z",
    "duration": 52596,
    "testsRegistered": 9,
    "passPercent": 44.44444444444444,
    "pendingPercent": 0,
    "other": 0,
    "hasOther": false,
    "skipped": 0,
    "hasSkipped": false
  },
  "results": [
    {
      "uuid": "200afea1-0726-43f2-93bd-ca56cd850fea",
      "title": "",
      "fullFile": "cypress/e2e/App.cy.js",
      "file": "cypress/e2e/App.cy.js",
      "beforeHooks": [],
      "afterHooks": [],
      "tests": [],
      "suites": [
        {
          "uuid": "2b503cf3-d9d0-4ea6-bda6-1a5fc0798c32",
          "title": "1 - Crie as rotas para a aplicação",
          "fullFile": "",
          "file": "",
          "beforeHooks": [],
          "afterHooks": [],
          "tests": [
            {
              "title": "Ao entrar na rota / é renderizado apenas o componente <Users />",
              "fullTitle": "1 - Crie as rotas para a aplicação Ao entrar na rota / é renderizado apenas o componente <Users />",
              "timedOut": null,
              "duration": 334,
              "state": "passed",
              "speed": "fast",
              "pass": true,
              "fail": false,
              "pending": false,
              "context": null,
              "code": "setup();\ncy.get('[data-testid=\"users-page\"]').should('exist');\ncy.get('[data-testid$=\"-page\"]').should('have.length', 1);",
              "err": {},
              "uuid": "9fb35ff7-2e59-402a-8af3-71dfb9108613",
              "parentUUID": "2b503cf3-d9d0-4ea6-bda6-1a5fc0798c32",
              "isHook": false,
              "skipped": false
            },
            {
              "title": "Ao entrar na rota /about é renderizado apenas o componente <About />",
              "fullTitle": "1 - Crie as rotas para a aplicação Ao entrar na rota /about é renderizado apenas o componente <About />",
              "timedOut": null,
              "duration": 155,
              "state": "passed",
              "speed": "fast",
              "pass": true,
              "fail": false,
              "pending": false,
              "context": null,
              "code": "setup('about');\ncy.get('[data-testid=\"about-page\"]').should('exist');\ncy.get('[data-testid$=\"-page\"]').should('have.length', 1);",
              "err": {},
              "uuid": "6f1c00b9-b2e1-4009-adb9-f5f63778eda6",
              "parentUUID": "2b503cf3-d9d0-4ea6-bda6-1a5fc0798c32",
              "isHook": false,
              "skipped": false
            },
            {
              "title": "Ao entrar na rota /posts é renderizado apenas o componente <Posts />",
              "fullTitle": "1 - Crie as rotas para a aplicação Ao entrar na rota /posts é renderizado apenas o componente <Posts />",
              "timedOut": null,
              "duration": 113,
              "state": "passed",
              "speed": "fast",
              "pass": true,
              "fail": false,
              "pending": false,
              "context": null,
              "code": "setup('posts/id');\ncy.get('[data-testid=\"posts-page\"]').should('exist');\ncy.get('[data-testid$=\"-page\"]').should('have.length', 1);",
              "err": {},
              "uuid": "c698d695-f9d6-4902-87fd-1ad9e5f18fbc",
              "parentUUID": "2b503cf3-d9d0-4ea6-bda6-1a5fc0798c32",
              "isHook": false,
              "skipped": false
            },
            {
              "title": "Ao entrar em uma rota não existente é renderizado o componente <NotFound />",
              "fullTitle": "1 - Crie as rotas para a aplicação Ao entrar em uma rota não existente é renderizado o componente <NotFound />",
              "timedOut": null,
              "duration": 110,
              "state": "passed",
              "speed": "fast",
              "pass": true,
              "fail": false,
              "pending": false,
              "context": null,
              "code": "setup('not-found');\ncy.get('[data-testid=\"not-found-page\"]').should('exist');\ncy.get('[data-testid$=\"-page\"]').should('have.length', 1);",
              "err": {},
              "uuid": "4a842687-941c-4201-8988-b3eb8142a4e2",
              "parentUUID": "2b503cf3-d9d0-4ea6-bda6-1a5fc0798c32",
              "isHook": false,
              "skipped": false
            }
          ],
          "suites": [],
          "passes": [
            "9fb35ff7-2e59-402a-8af3-71dfb9108613",
            "6f1c00b9-b2e1-4009-adb9-f5f63778eda6",
            "c698d695-f9d6-4902-87fd-1ad9e5f18fbc",
            "4a842687-941c-4201-8988-b3eb8142a4e2"
          ],
          "failures": [],
          "pending": [],
          "skipped": [],
          "duration": 712,
          "root": false,
          "rootEmpty": false,
          "_timeout": 2000
        },
        {
          "uuid": "edf8b284-b9c8-4b1a-b3d9-4d81eadf8fb9",
          "title": "2- Crie dois NavLink dentro do componente Header",
          "fullFile": "",
          "file": "",
          "beforeHooks": [],
          "afterHooks": [],
          "tests": [
            {
              "title": "O primeiro NavLink deve possuir o texto \"Home\" e a rota \"/\"",
              "fullTitle": "2- Crie dois NavLink dentro do componente Header O primeiro NavLink deve possuir o texto \"Home\" e a rota \"/\"",
              "timedOut": null,
              "duration": 10097,
              "state": "failed",
              "speed": null,
              "pass": false,
              "fail": true,
              "pending": false,
              "context": null,
              "code": "cy.get('a').contains(/home/i).should('have.attr', 'href', '/');",
              "err": {
                "message": "AssertionError: Timed out retrying after 10000ms: Expected to find element: `a`, but never found it.",
                "estack": "AssertionError: Timed out retrying after 10000ms: Expected to find element: `a`, but never found it.\n    at Context.eval (webpack://blogger/./cypress/e2e/App.cy.js:37:7)",
                "diff": null
              },
              "uuid": "0c8f7186-aca3-4457-9655-d8b766621bd6",
              "parentUUID": "edf8b284-b9c8-4b1a-b3d9-4d81eadf8fb9",
              "isHook": false,
              "skipped": false
            },
            {
              "title": "O segundo NavLink deve possuir o texto \"About\" e a rota \"/about\"",
              "fullTitle": "2- Crie dois NavLink dentro do componente Header O segundo NavLink deve possuir o texto \"About\" e a rota \"/about\"",
              "timedOut": null,
              "duration": 10105,
              "state": "failed",
              "speed": null,
              "pass": false,
              "fail": true,
              "pending": false,
              "context": null,
              "code": "cy.get('a').contains(/about/i).should('have.attr', 'href', '/about');",
              "err": {
                "message": "AssertionError: Timed out retrying after 10000ms: Expected to find element: `a`, but never found it.",
                "estack": "AssertionError: Timed out retrying after 10000ms: Expected to find element: `a`, but never found it.\n    at Context.eval (webpack://blogger/./cypress/e2e/App.cy.js:41:7)",
                "diff": null
              },
              "uuid": "0b94655e-5ab0-4309-9716-43e3730d6219",
              "parentUUID": "edf8b284-b9c8-4b1a-b3d9-4d81eadf8fb9",
              "isHook": false,
              "skipped": false
            }
          ],
          "suites": [],
          "passes": [],
          "failures": [
            "0c8f7186-aca3-4457-9655-d8b766621bd6",
            "0b94655e-5ab0-4309-9716-43e3730d6219"
          ],
          "pending": [],
          "skipped": [],
          "duration": 20202,
          "root": false,
          "rootEmpty": false,
          "_timeout": 2000
        },
        {
          "uuid": "da1989ce-ba20-4d50-9f9b-e6f8792654f8",
          "title": "3 - Crie um link para a página de posts de um usuário",
          "fullFile": "",
          "file": "",
          "beforeHooks": [],
          "afterHooks": [],
          "tests": [
            {
              "title": "O link deve possuir o texto \"Posts\" e a rota \"/posts/id\"",
              "fullTitle": "3 - Crie um link para a página de posts de um usuário O link deve possuir o texto \"Posts\" e a rota \"/posts/id\"",
              "timedOut": null,
              "duration": 10143,
              "state": "failed",
              "speed": null,
              "pass": false,
              "fail": true,
              "pending": false,
              "context": null,
              "code": "for (let id = 1; id <= _data.users.length; id++) {\n  cy.get(`a[href=\"/posts/${id}\"]`).should('exist');\n}",
              "err": {
                "message": "AssertionError: Timed out retrying after 10000ms: Expected to find element: `a[href=\"/posts/1\"]`, but never found it.",
                "estack": "AssertionError: Timed out retrying after 10000ms: Expected to find element: `a[href=\"/posts/1\"]`, but never found it.\n    at Context.eval (webpack://blogger/./cypress/e2e/App.cy.js:50:39)",
                "diff": null
              },
              "uuid": "d71b7760-1c81-4374-847e-581c9363029b",
              "parentUUID": "da1989ce-ba20-4d50-9f9b-e6f8792654f8",
              "isHook": false,
              "skipped": false
            }
          ],
          "suites": [],
          "passes": [],
          "failures": [
            "d71b7760-1c81-4374-847e-581c9363029b"
          ],
          "pending": [],
          "skipped": [],
          "duration": 10143,
          "root": false,
          "rootEmpty": false,
          "_timeout": 2000
        },
        {
          "uuid": "b0332835-07ae-4bef-b170-fa0392780afd",
          "title": "4 - Exiba os posts de um usuário",
          "fullFile": "",
          "file": "",
          "beforeHooks": [],
          "afterHooks": [],
          "tests": [
            {
              "title": "O componente <Posts /> deve renderizar apenas os posts do primeiro usuário",
              "fullTitle": "4 - Exiba os posts de um usuário O componente <Posts /> deve renderizar apenas os posts do primeiro usuário",
              "timedOut": null,
              "duration": 10216,
              "state": "failed",
              "speed": null,
              "pass": false,
              "fail": true,
              "pending": false,
              "context": null,
              "code": "setup('posts/1');\nconst othersPosts = _data.posts.filter(post => post.userId !== 1);\nothersPosts.forEach(post => {\n  cy.get('h2').should('not.contain', post.title);\n});\nconst userPosts = _data.posts.filter(post => post.userId === 1);\nuserPosts.forEach(post => {\n  cy.contains(post.title);\n});",
              "err": {
                "message": "AssertionError: Timed out retrying after 10000ms: Expected to find content: 'They rushed out the door.' but never did.",
                "estack": "AssertionError: Timed out retrying after 10000ms: Expected to find content: 'They rushed out the door.' but never did.\n    at eval (webpack://blogger/./cypress/e2e/App.cy.js:66:9)\nat Array.forEach (<anonymous>)\n    at Context.eval (webpack://blogger/./cypress/e2e/App.cy.js:65:14)",
                "diff": null
              },
              "uuid": "9c51d68c-605e-4e35-bd12-c4c4e592665e",
              "parentUUID": "b0332835-07ae-4bef-b170-fa0392780afd",
              "isHook": false,
              "skipped": false
            },
            {
              "title": "O componente <Posts /> deve renderizar os posts do usuário",
              "fullTitle": "4 - Exiba os posts de um usuário O componente <Posts /> deve renderizar os posts do usuário",
              "timedOut": null,
              "duration": 10150,
              "state": "failed",
              "speed": null,
              "pass": false,
              "fail": true,
              "pending": false,
              "context": null,
              "code": "_data.users.forEach(user => {\n  setup(`posts/${user.id}`);\n  const userPosts = _data.posts.filter(post => post.userId === user.id);\n  userPosts.forEach(post => {\n    cy.contains(post.title);\n  });\n});",
              "err": {
                "message": "AssertionError: Timed out retrying after 10000ms: Expected to find content: 'They rushed out the door.' but never did.",
                "estack": "AssertionError: Timed out retrying after 10000ms: Expected to find content: 'They rushed out the door.' but never did.\n    at eval (webpack://blogger/./cypress/e2e/App.cy.js:76:11)\nat Array.forEach (<anonymous>)\n    at eval (webpack://blogger/./cypress/e2e/App.cy.js:75:16)\nat Array.forEach (<anonymous>)\n    at Context.eval (webpack://blogger/./cypress/e2e/App.cy.js:71:10)",
                "diff": null
              },
              "uuid": "875d3cc0-c7fc-48f0-b9f9-9e17a8481a05",
              "parentUUID": "b0332835-07ae-4bef-b170-fa0392780afd",
              "isHook": false,
              "skipped": false
            }
          ],
          "suites": [],
          "passes": [],
          "failures": [
            "9c51d68c-605e-4e35-bd12-c4c4e592665e",
            "875d3cc0-c7fc-48f0-b9f9-9e17a8481a05"
          ],
          "pending": [],
          "skipped": [],
          "duration": 20366,
          "root": false,
          "rootEmpty": false,
          "_timeout": 2000
        }
      ],
      "passes": [],
      "failures": [],
      "pending": [],
      "skipped": [],
      "duration": 0,
      "root": true,
      "rootEmpty": true,
      "_timeout": 2000
    }
  ],
  "meta": {
    "mocha": {
      "version": "7.0.1"
    },
    "mochawesome": {
      "options": {
        "quiet": false,
        "reportFilename": "mochawesome",
        "saveHtml": false,
        "saveJson": true,
        "consoleReporter": "spec",
        "useInlineDiffs": false,
        "code": true
      },
      "version": "7.1.3"
    },
    "marge": {
      "options": {
        "id": "default",
        "reportDir": "cypress/reports",
        "overwrite": false,
        "html": false,
        "json": true
      },
      "version": "6.2.0"
    }
  }
}