{
  "stats": {
    "suites": 4,
    "tests": 8,
    "passes": 0,
    "pending": 0,
    "failures": 8,
    "start": "2024-04-27T21:35:26.759Z",
    "end": "2024-04-27T21:35:31.325Z",
    "duration": 4566,
    "testsRegistered": 9,
    "passPercent": 0,
    "pendingPercent": 0,
    "other": 0,
    "hasOther": false,
    "skipped": 1,
    "hasSkipped": true
  },
  "results": [
    {
      "uuid": "383d18ff-fcfc-476b-8a20-cb3f484fa0a4",
      "title": "",
      "fullFile": "cypress/e2e/App.cy.js",
      "file": "cypress/e2e/App.cy.js",
      "beforeHooks": [],
      "afterHooks": [],
      "tests": [],
      "suites": [
        {
          "uuid": "a297bb76-7006-4e84-8365-d61611258fbc",
          "title": "1 - Crie as rotas para a aplicação",
          "fullFile": "",
          "file": "",
          "beforeHooks": [],
          "afterHooks": [],
          "tests": [
            {
              "title": "Ao entrar na rota / é renderizado apenas o componente <Users />",
              "fullTitle": "1 - Crie as rotas para a aplicação Ao entrar na rota / é renderizado apenas o componente <Users />",
              "timedOut": null,
              "duration": 556,
              "state": "failed",
              "speed": null,
              "pass": false,
              "fail": true,
              "pending": false,
              "context": null,
              "code": "setup();\ncy.get('[data-testid=\"users-page\"]').should('exist');\ncy.get('[data-testid$=\"-page\"]').should('have.length', 1);",
              "err": {
                "message": "CypressError: `cy.visit()` failed trying to load:\n\nhttp://localhost:5173/\n\nWe attempted to make an http request to this URL but the request failed without a response.\n\nWe received this error at the network level:\n\n  > Error: connect ECONNREFUSED 127.0.0.1:5173\n\nCommon situations why this would fail:\n  - you don't have internet access\n  - you forgot to run / boot your web server\n  - your web server isn't accessible\n  - you have weird network configuration settings on your computer",
                "estack": "CypressError: `cy.visit()` failed trying to load:\n\nhttp://localhost:5173/\n\nWe attempted to make an http request to this URL but the request failed without a response.\n\nWe received this error at the network level:\n\n  > Error: connect ECONNREFUSED 127.0.0.1:5173\n\nCommon situations why this would fail:\n  - you don't have internet access\n  - you forgot to run / boot your web server\n  - your web server isn't accessible\n  - you have weird network configuration settings on your computer\n    at <unknown> (http://localhost:37679/__cypress/runner/cypress_runner.js:130312:74)\n    at visitFailedByErr (http://localhost:37679/__cypress/runner/cypress_runner.js:129704:12)\n    at <unknown> (http://localhost:37679/__cypress/runner/cypress_runner.js:130311:11)\n    at tryCatcher (http://localhost:37679/__cypress/runner/cypress_runner.js:1807:23)\n    at Promise._settlePromiseFromHandler (http://localhost:37679/__cypress/runner/cypress_runner.js:1519:31)\n    at Promise._settlePromise (http://localhost:37679/__cypress/runner/cypress_runner.js:1576:18)\n    at Promise._settlePromise0 (http://localhost:37679/__cypress/runner/cypress_runner.js:1621:10)\n    at Promise._settlePromises (http://localhost:37679/__cypress/runner/cypress_runner.js:1697:18)\n    at _drainQueueStep (http://localhost:37679/__cypress/runner/cypress_runner.js:2407:12)\n    at _drainQueue (http://localhost:37679/__cypress/runner/cypress_runner.js:2400:9)\n    at Async._drainQueues (http://localhost:37679/__cypress/runner/cypress_runner.js:2416:5)\n    at Async.drainQueues (http://localhost:37679/__cypress/runner/cypress_runner.js:2286:14)\nFrom Your Spec Code:\n    at setup (webpack://blogger/./cypress/e2e/App.cy.js:4:5)\n    at Context.eval (webpack://blogger/./cypress/e2e/App.cy.js:9:4)\n\nFrom Node.js Internals:\n  Error: connect ECONNREFUSED 127.0.0.1:5173\n      at TCPConnectWrap.afterConnect [as oncomplete] (node:net:1187:16)",
                "diff": null
              },
              "uuid": "2205f1e2-c853-459d-96b0-f18bb9a983bf",
              "parentUUID": "a297bb76-7006-4e84-8365-d61611258fbc",
              "isHook": false,
              "skipped": false
            },
            {
              "title": "Ao entrar na rota /about é renderizado apenas o componente <About />",
              "fullTitle": "1 - Crie as rotas para a aplicação Ao entrar na rota /about é renderizado apenas o componente <About />",
              "timedOut": null,
              "duration": 556,
              "state": "failed",
              "speed": null,
              "pass": false,
              "fail": true,
              "pending": false,
              "context": null,
              "code": "setup('about');\ncy.get('[data-testid=\"about-page\"]').should('exist');\ncy.get('[data-testid$=\"-page\"]').should('have.length', 1);",
              "err": {
                "message": "CypressError: `cy.visit()` failed trying to load:\n\nhttp://localhost:5173/about\n\nWe attempted to make an http request to this URL but the request failed without a response.\n\nWe received this error at the network level:\n\n  > Error: connect ECONNREFUSED 127.0.0.1:5173\n\nCommon situations why this would fail:\n  - you don't have internet access\n  - you forgot to run / boot your web server\n  - your web server isn't accessible\n  - you have weird network configuration settings on your computer",
                "estack": "CypressError: `cy.visit()` failed trying to load:\n\nhttp://localhost:5173/about\n\nWe attempted to make an http request to this URL but the request failed without a response.\n\nWe received this error at the network level:\n\n  > Error: connect ECONNREFUSED 127.0.0.1:5173\n\nCommon situations why this would fail:\n  - you don't have internet access\n  - you forgot to run / boot your web server\n  - your web server isn't accessible\n  - you have weird network configuration settings on your computer\n    at <unknown> (http://localhost:37679/__cypress/runner/cypress_runner.js:130312:74)\n    at visitFailedByErr (http://localhost:37679/__cypress/runner/cypress_runner.js:129704:12)\n    at <unknown> (http://localhost:37679/__cypress/runner/cypress_runner.js:130311:11)\n    at tryCatcher (http://localhost:37679/__cypress/runner/cypress_runner.js:1807:23)\n    at Promise._settlePromiseFromHandler (http://localhost:37679/__cypress/runner/cypress_runner.js:1519:31)\n    at Promise._settlePromise (http://localhost:37679/__cypress/runner/cypress_runner.js:1576:18)\n    at Promise._settlePromise0 (http://localhost:37679/__cypress/runner/cypress_runner.js:1621:10)\n    at Promise._settlePromises (http://localhost:37679/__cypress/runner/cypress_runner.js:1697:18)\n    at _drainQueueStep (http://localhost:37679/__cypress/runner/cypress_runner.js:2407:12)\n    at _drainQueue (http://localhost:37679/__cypress/runner/cypress_runner.js:2400:9)\n    at Async._drainQueues (http://localhost:37679/__cypress/runner/cypress_runner.js:2416:5)\n    at Async.drainQueues (http://localhost:37679/__cypress/runner/cypress_runner.js:2286:14)\nFrom Your Spec Code:\n    at setup (webpack://blogger/./cypress/e2e/App.cy.js:4:5)\n    at Context.eval (webpack://blogger/./cypress/e2e/App.cy.js:15:4)\n\nFrom Node.js Internals:\n  Error: connect ECONNREFUSED 127.0.0.1:5173\n      at TCPConnectWrap.afterConnect [as oncomplete] (node:net:1187:16)",
                "diff": null
              },
              "uuid": "1f69902b-a560-48cc-bfc6-043fc636b559",
              "parentUUID": "a297bb76-7006-4e84-8365-d61611258fbc",
              "isHook": false,
              "skipped": false
            },
            {
              "title": "Ao entrar na rota /posts é renderizado apenas o componente <Posts />",
              "fullTitle": "1 - Crie as rotas para a aplicação Ao entrar na rota /posts é renderizado apenas o componente <Posts />",
              "timedOut": null,
              "duration": 539,
              "state": "failed",
              "speed": null,
              "pass": false,
              "fail": true,
              "pending": false,
              "context": null,
              "code": "setup('posts/id');\ncy.get('[data-testid=\"posts-page\"]').should('exist');\ncy.get('[data-testid$=\"-page\"]').should('have.length', 1);",
              "err": {
                "message": "CypressError: `cy.visit()` failed trying to load:\n\nhttp://localhost:5173/posts/id\n\nWe attempted to make an http request to this URL but the request failed without a response.\n\nWe received this error at the network level:\n\n  > Error: connect ECONNREFUSED 127.0.0.1:5173\n\nCommon situations why this would fail:\n  - you don't have internet access\n  - you forgot to run / boot your web server\n  - your web server isn't accessible\n  - you have weird network configuration settings on your computer",
                "estack": "CypressError: `cy.visit()` failed trying to load:\n\nhttp://localhost:5173/posts/id\n\nWe attempted to make an http request to this URL but the request failed without a response.\n\nWe received this error at the network level:\n\n  > Error: connect ECONNREFUSED 127.0.0.1:5173\n\nCommon situations why this would fail:\n  - you don't have internet access\n  - you forgot to run / boot your web server\n  - your web server isn't accessible\n  - you have weird network configuration settings on your computer\n    at <unknown> (http://localhost:37679/__cypress/runner/cypress_runner.js:130312:74)\n    at visitFailedByErr (http://localhost:37679/__cypress/runner/cypress_runner.js:129704:12)\n    at <unknown> (http://localhost:37679/__cypress/runner/cypress_runner.js:130311:11)\n    at tryCatcher (http://localhost:37679/__cypress/runner/cypress_runner.js:1807:23)\n    at Promise._settlePromiseFromHandler (http://localhost:37679/__cypress/runner/cypress_runner.js:1519:31)\n    at Promise._settlePromise (http://localhost:37679/__cypress/runner/cypress_runner.js:1576:18)\n    at Promise._settlePromise0 (http://localhost:37679/__cypress/runner/cypress_runner.js:1621:10)\n    at Promise._settlePromises (http://localhost:37679/__cypress/runner/cypress_runner.js:1697:18)\n    at _drainQueueStep (http://localhost:37679/__cypress/runner/cypress_runner.js:2407:12)\n    at _drainQueue (http://localhost:37679/__cypress/runner/cypress_runner.js:2400:9)\n    at Async._drainQueues (http://localhost:37679/__cypress/runner/cypress_runner.js:2416:5)\n    at Async.drainQueues (http://localhost:37679/__cypress/runner/cypress_runner.js:2286:14)\nFrom Your Spec Code:\n    at setup (webpack://blogger/./cypress/e2e/App.cy.js:4:5)\n    at Context.eval (webpack://blogger/./cypress/e2e/App.cy.js:21:4)\n\nFrom Node.js Internals:\n  Error: connect ECONNREFUSED 127.0.0.1:5173\n      at TCPConnectWrap.afterConnect [as oncomplete] (node:net:1187:16)",
                "diff": null
              },
              "uuid": "f7aeea73-5a46-4f74-b23c-00fb138b563c",
              "parentUUID": "a297bb76-7006-4e84-8365-d61611258fbc",
              "isHook": false,
              "skipped": false
            },
            {
              "title": "Ao entrar em uma rota não existente é renderizado o componente <NotFound />",
              "fullTitle": "1 - Crie as rotas para a aplicação Ao entrar em uma rota não existente é renderizado o componente <NotFound />",
              "timedOut": null,
              "duration": 545,
              "state": "failed",
              "speed": null,
              "pass": false,
              "fail": true,
              "pending": false,
              "context": null,
              "code": "setup('not-found');\ncy.get('[data-testid=\"not-found-page\"]').should('exist');\ncy.get('[data-testid$=\"-page\"]').should('have.length', 1);",
              "err": {
                "message": "CypressError: `cy.visit()` failed trying to load:\n\nhttp://localhost:5173/not-found\n\nWe attempted to make an http request to this URL but the request failed without a response.\n\nWe received this error at the network level:\n\n  > Error: connect ECONNREFUSED 127.0.0.1:5173\n\nCommon situations why this would fail:\n  - you don't have internet access\n  - you forgot to run / boot your web server\n  - your web server isn't accessible\n  - you have weird network configuration settings on your computer",
                "estack": "CypressError: `cy.visit()` failed trying to load:\n\nhttp://localhost:5173/not-found\n\nWe attempted to make an http request to this URL but the request failed without a response.\n\nWe received this error at the network level:\n\n  > Error: connect ECONNREFUSED 127.0.0.1:5173\n\nCommon situations why this would fail:\n  - you don't have internet access\n  - you forgot to run / boot your web server\n  - your web server isn't accessible\n  - you have weird network configuration settings on your computer\n    at <unknown> (http://localhost:37679/__cypress/runner/cypress_runner.js:130312:74)\n    at visitFailedByErr (http://localhost:37679/__cypress/runner/cypress_runner.js:129704:12)\n    at <unknown> (http://localhost:37679/__cypress/runner/cypress_runner.js:130311:11)\n    at tryCatcher (http://localhost:37679/__cypress/runner/cypress_runner.js:1807:23)\n    at Promise._settlePromiseFromHandler (http://localhost:37679/__cypress/runner/cypress_runner.js:1519:31)\n    at Promise._settlePromise (http://localhost:37679/__cypress/runner/cypress_runner.js:1576:18)\n    at Promise._settlePromise0 (http://localhost:37679/__cypress/runner/cypress_runner.js:1621:10)\n    at Promise._settlePromises (http://localhost:37679/__cypress/runner/cypress_runner.js:1697:18)\n    at _drainQueueStep (http://localhost:37679/__cypress/runner/cypress_runner.js:2407:12)\n    at _drainQueue (http://localhost:37679/__cypress/runner/cypress_runner.js:2400:9)\n    at Async._drainQueues (http://localhost:37679/__cypress/runner/cypress_runner.js:2416:5)\n    at Async.drainQueues (http://localhost:37679/__cypress/runner/cypress_runner.js:2286:14)\nFrom Your Spec Code:\n    at setup (webpack://blogger/./cypress/e2e/App.cy.js:4:5)\n    at Context.eval (webpack://blogger/./cypress/e2e/App.cy.js:27:4)\n\nFrom Node.js Internals:\n  Error: connect ECONNREFUSED 127.0.0.1:5173\n      at TCPConnectWrap.afterConnect [as oncomplete] (node:net:1187:16)",
                "diff": null
              },
              "uuid": "0021fd94-da93-4470-8470-ae0dc40faeb2",
              "parentUUID": "a297bb76-7006-4e84-8365-d61611258fbc",
              "isHook": false,
              "skipped": false
            }
          ],
          "suites": [],
          "passes": [],
          "failures": [
            "2205f1e2-c853-459d-96b0-f18bb9a983bf",
            "1f69902b-a560-48cc-bfc6-043fc636b559",
            "f7aeea73-5a46-4f74-b23c-00fb138b563c",
            "0021fd94-da93-4470-8470-ae0dc40faeb2"
          ],
          "pending": [],
          "skipped": [],
          "duration": 2196,
          "root": false,
          "rootEmpty": false,
          "_timeout": 2000
        },
        {
          "uuid": "76c2e277-8b6c-4b72-9b60-8f77f29f2da3",
          "title": "2- Crie dois NavLink dentro do componente Header",
          "fullFile": "",
          "file": "",
          "beforeHooks": [],
          "afterHooks": [],
          "tests": [
            {
              "title": "O primeiro NavLink deve possuir o texto \"Home\" e a rota \"/\"",
              "fullTitle": "2- Crie dois NavLink dentro do componente Header O primeiro NavLink deve possuir o texto \"Home\" e a rota \"/\"",
              "timedOut": null,
              "duration": 552,
              "state": "failed",
              "speed": null,
              "pass": false,
              "fail": true,
              "pending": false,
              "context": null,
              "code": "cy.get('a').contains(/home/i).should('have.attr', 'href', '/');",
              "err": {
                "message": "CypressError: `cy.visit()` failed trying to load:\n\nhttp://localhost:5173/\n\nWe attempted to make an http request to this URL but the request failed without a response.\n\nWe received this error at the network level:\n\n  > Error: connect ECONNREFUSED 127.0.0.1:5173\n\nCommon situations why this would fail:\n  - you don't have internet access\n  - you forgot to run / boot your web server\n  - your web server isn't accessible\n  - you have weird network configuration settings on your computer\n\nBecause this error occurred during a `before each` hook we are skipping the remaining tests in the current suite: `2- Crie dois NavLink dentro...`",
                "estack": "CypressError: `cy.visit()` failed trying to load:\n\nhttp://localhost:5173/\n\nWe attempted to make an http request to this URL but the request failed without a response.\n\nWe received this error at the network level:\n\n  > Error: connect ECONNREFUSED 127.0.0.1:5173\n\nCommon situations why this would fail:\n  - you don't have internet access\n  - you forgot to run / boot your web server\n  - your web server isn't accessible\n  - you have weird network configuration settings on your computer\n\nBecause this error occurred during a `before each` hook we are skipping the remaining tests in the current suite: `2- Crie dois NavLink dentro...`\n    at <unknown> (http://localhost:37679/__cypress/runner/cypress_runner.js:130312:74)\n    at visitFailedByErr (http://localhost:37679/__cypress/runner/cypress_runner.js:129704:12)\n    at <unknown> (http://localhost:37679/__cypress/runner/cypress_runner.js:130311:11)\n    at tryCatcher (http://localhost:37679/__cypress/runner/cypress_runner.js:1807:23)\n    at Promise._settlePromiseFromHandler (http://localhost:37679/__cypress/runner/cypress_runner.js:1519:31)\n    at Promise._settlePromise (http://localhost:37679/__cypress/runner/cypress_runner.js:1576:18)\n    at Promise._settlePromise0 (http://localhost:37679/__cypress/runner/cypress_runner.js:1621:10)\n    at Promise._settlePromises (http://localhost:37679/__cypress/runner/cypress_runner.js:1697:18)\n    at _drainQueueStep (http://localhost:37679/__cypress/runner/cypress_runner.js:2407:12)\n    at _drainQueue (http://localhost:37679/__cypress/runner/cypress_runner.js:2400:9)\n    at Async._drainQueues (http://localhost:37679/__cypress/runner/cypress_runner.js:2416:5)\n    at Async.drainQueues (http://localhost:37679/__cypress/runner/cypress_runner.js:2286:14)\nFrom Your Spec Code:\n    at Context.setup (webpack://blogger/./cypress/e2e/App.cy.js:4:5)\n\nFrom Node.js Internals:\n  Error: connect ECONNREFUSED 127.0.0.1:5173\n      at TCPConnectWrap.afterConnect [as oncomplete] (node:net:1187:16)",
                "diff": null
              },
              "uuid": "af52c9bd-1ae9-4127-8ca8-866fb1a04f5d",
              "parentUUID": "76c2e277-8b6c-4b72-9b60-8f77f29f2da3",
              "isHook": false,
              "skipped": false
            },
            {
              "title": "O segundo NavLink deve possuir o texto \"About\" e a rota \"/about\"",
              "fullTitle": "2- Crie dois NavLink dentro do componente Header O segundo NavLink deve possuir o texto \"About\" e a rota \"/about\"",
              "timedOut": null,
              "duration": 0,
              "state": "skipped",
              "speed": null,
              "pass": false,
              "fail": false,
              "pending": false,
              "context": null,
              "code": "cy.get('a').contains(/about/i).should('have.attr', 'href', '/about');",
              "err": {},
              "uuid": "fe484856-bdfb-49b1-bdc1-de5412b52dae",
              "parentUUID": "76c2e277-8b6c-4b72-9b60-8f77f29f2da3",
              "isHook": false,
              "skipped": true
            }
          ],
          "suites": [],
          "passes": [],
          "failures": [
            "af52c9bd-1ae9-4127-8ca8-866fb1a04f5d"
          ],
          "pending": [],
          "skipped": [
            "fe484856-bdfb-49b1-bdc1-de5412b52dae"
          ],
          "duration": 552,
          "root": false,
          "rootEmpty": false,
          "_timeout": 2000
        },
        {
          "uuid": "162083fe-a40c-44e7-8226-a6ea4e89d3f0",
          "title": "3 - Crie um link para a página de posts de um usuário",
          "fullFile": "",
          "file": "",
          "beforeHooks": [],
          "afterHooks": [],
          "tests": [
            {
              "title": "O link deve possuir o texto \"Posts\" e a rota \"/posts/id\"",
              "fullTitle": "3 - Crie um link para a página de posts de um usuário O link deve possuir o texto \"Posts\" e a rota \"/posts/id\"",
              "timedOut": null,
              "duration": 550,
              "state": "failed",
              "speed": null,
              "pass": false,
              "fail": true,
              "pending": false,
              "context": null,
              "code": "for (let id = 1; id <= _data.users.length; id++) {\n  cy.get(`a[href=\"/posts/${id}\"]`).should('exist');\n}",
              "err": {
                "message": "CypressError: `cy.visit()` failed trying to load:\n\nhttp://localhost:5173/\n\nWe attempted to make an http request to this URL but the request failed without a response.\n\nWe received this error at the network level:\n\n  > Error: connect ECONNREFUSED 127.0.0.1:5173\n\nCommon situations why this would fail:\n  - you don't have internet access\n  - you forgot to run / boot your web server\n  - your web server isn't accessible\n  - you have weird network configuration settings on your computer\n\nBecause this error occurred during a `before each` hook we are skipping the remaining tests in the current suite: `3 - Crie um link para a pág...`",
                "estack": "CypressError: `cy.visit()` failed trying to load:\n\nhttp://localhost:5173/\n\nWe attempted to make an http request to this URL but the request failed without a response.\n\nWe received this error at the network level:\n\n  > Error: connect ECONNREFUSED 127.0.0.1:5173\n\nCommon situations why this would fail:\n  - you don't have internet access\n  - you forgot to run / boot your web server\n  - your web server isn't accessible\n  - you have weird network configuration settings on your computer\n\nBecause this error occurred during a `before each` hook we are skipping the remaining tests in the current suite: `3 - Crie um link para a pág...`\n    at <unknown> (http://localhost:37679/__cypress/runner/cypress_runner.js:130312:74)\n    at visitFailedByErr (http://localhost:37679/__cypress/runner/cypress_runner.js:129704:12)\n    at <unknown> (http://localhost:37679/__cypress/runner/cypress_runner.js:130311:11)\n    at tryCatcher (http://localhost:37679/__cypress/runner/cypress_runner.js:1807:23)\n    at Promise._settlePromiseFromHandler (http://localhost:37679/__cypress/runner/cypress_runner.js:1519:31)\n    at Promise._settlePromise (http://localhost:37679/__cypress/runner/cypress_runner.js:1576:18)\n    at Promise._settlePromise0 (http://localhost:37679/__cypress/runner/cypress_runner.js:1621:10)\n    at Promise._settlePromises (http://localhost:37679/__cypress/runner/cypress_runner.js:1697:18)\n    at _drainQueueStep (http://localhost:37679/__cypress/runner/cypress_runner.js:2407:12)\n    at _drainQueue (http://localhost:37679/__cypress/runner/cypress_runner.js:2400:9)\n    at Async._drainQueues (http://localhost:37679/__cypress/runner/cypress_runner.js:2416:5)\n    at Async.drainQueues (http://localhost:37679/__cypress/runner/cypress_runner.js:2286:14)\nFrom Your Spec Code:\n    at Context.setup (webpack://blogger/./cypress/e2e/App.cy.js:4:5)\n\nFrom Node.js Internals:\n  Error: connect ECONNREFUSED 127.0.0.1:5173\n      at TCPConnectWrap.afterConnect [as oncomplete] (node:net:1187:16)",
                "diff": null
              },
              "uuid": "fc283062-fc4b-4d28-86f0-acd413244d6f",
              "parentUUID": "162083fe-a40c-44e7-8226-a6ea4e89d3f0",
              "isHook": false,
              "skipped": false
            }
          ],
          "suites": [],
          "passes": [],
          "failures": [
            "fc283062-fc4b-4d28-86f0-acd413244d6f"
          ],
          "pending": [],
          "skipped": [],
          "duration": 550,
          "root": false,
          "rootEmpty": false,
          "_timeout": 2000
        },
        {
          "uuid": "e92cbd75-032a-4659-aff4-3204a8a2b542",
          "title": "4 - Exiba os posts de um usuário",
          "fullFile": "",
          "file": "",
          "beforeHooks": [],
          "afterHooks": [],
          "tests": [
            {
              "title": "O componente <Posts /> deve renderizar apenas os posts do primeiro usuário",
              "fullTitle": "4 - Exiba os posts de um usuário O componente <Posts /> deve renderizar apenas os posts do primeiro usuário",
              "timedOut": null,
              "duration": 547,
              "state": "failed",
              "speed": null,
              "pass": false,
              "fail": true,
              "pending": false,
              "context": null,
              "code": "setup('posts/1');\nconst othersPosts = _data.posts.filter(post => post.userId !== 1);\nothersPosts.forEach(post => {\n  cy.get('h2').should('not.contain', post.title);\n});\nconst userPosts = _data.posts.filter(post => post.userId === 1);\nuserPosts.forEach(post => {\n  cy.contains(post.title);\n});",
              "err": {
                "message": "CypressError: `cy.visit()` failed trying to load:\n\nhttp://localhost:5173/posts/1\n\nWe attempted to make an http request to this URL but the request failed without a response.\n\nWe received this error at the network level:\n\n  > Error: connect ECONNREFUSED 127.0.0.1:5173\n\nCommon situations why this would fail:\n  - you don't have internet access\n  - you forgot to run / boot your web server\n  - your web server isn't accessible\n  - you have weird network configuration settings on your computer",
                "estack": "CypressError: `cy.visit()` failed trying to load:\n\nhttp://localhost:5173/posts/1\n\nWe attempted to make an http request to this URL but the request failed without a response.\n\nWe received this error at the network level:\n\n  > Error: connect ECONNREFUSED 127.0.0.1:5173\n\nCommon situations why this would fail:\n  - you don't have internet access\n  - you forgot to run / boot your web server\n  - your web server isn't accessible\n  - you have weird network configuration settings on your computer\n    at <unknown> (http://localhost:37679/__cypress/runner/cypress_runner.js:130312:74)\n    at visitFailedByErr (http://localhost:37679/__cypress/runner/cypress_runner.js:129704:12)\n    at <unknown> (http://localhost:37679/__cypress/runner/cypress_runner.js:130311:11)\n    at tryCatcher (http://localhost:37679/__cypress/runner/cypress_runner.js:1807:23)\n    at Promise._settlePromiseFromHandler (http://localhost:37679/__cypress/runner/cypress_runner.js:1519:31)\n    at Promise._settlePromise (http://localhost:37679/__cypress/runner/cypress_runner.js:1576:18)\n    at Promise._settlePromise0 (http://localhost:37679/__cypress/runner/cypress_runner.js:1621:10)\n    at Promise._settlePromises (http://localhost:37679/__cypress/runner/cypress_runner.js:1697:18)\n    at _drainQueueStep (http://localhost:37679/__cypress/runner/cypress_runner.js:2407:12)\n    at _drainQueue (http://localhost:37679/__cypress/runner/cypress_runner.js:2400:9)\n    at Async._drainQueues (http://localhost:37679/__cypress/runner/cypress_runner.js:2416:5)\n    at Async.drainQueues (http://localhost:37679/__cypress/runner/cypress_runner.js:2286:14)\nFrom Your Spec Code:\n    at setup (webpack://blogger/./cypress/e2e/App.cy.js:4:5)\n    at Context.eval (webpack://blogger/./cypress/e2e/App.cy.js:57:4)\n\nFrom Node.js Internals:\n  Error: connect ECONNREFUSED 127.0.0.1:5173\n      at TCPConnectWrap.afterConnect [as oncomplete] (node:net:1187:16)",
                "diff": null
              },
              "uuid": "3b45702f-9241-4ce8-b61d-c8cfdf63ef72",
              "parentUUID": "e92cbd75-032a-4659-aff4-3204a8a2b542",
              "isHook": false,
              "skipped": false
            },
            {
              "title": "O componente <Posts /> deve renderizar os posts do usuário",
              "fullTitle": "4 - Exiba os posts de um usuário O componente <Posts /> deve renderizar os posts do usuário",
              "timedOut": null,
              "duration": 556,
              "state": "failed",
              "speed": null,
              "pass": false,
              "fail": true,
              "pending": false,
              "context": null,
              "code": "_data.users.forEach(user => {\n  setup(`posts/${user.id}`);\n  const userPosts = _data.posts.filter(post => post.userId === user.id);\n  userPosts.forEach(post => {\n    cy.contains(post.title);\n  });\n});",
              "err": {
                "message": "CypressError: `cy.visit()` failed trying to load:\n\nhttp://localhost:5173/posts/1\n\nWe attempted to make an http request to this URL but the request failed without a response.\n\nWe received this error at the network level:\n\n  > Error: connect ECONNREFUSED 127.0.0.1:5173\n\nCommon situations why this would fail:\n  - you don't have internet access\n  - you forgot to run / boot your web server\n  - your web server isn't accessible\n  - you have weird network configuration settings on your computer",
                "estack": "CypressError: `cy.visit()` failed trying to load:\n\nhttp://localhost:5173/posts/1\n\nWe attempted to make an http request to this URL but the request failed without a response.\n\nWe received this error at the network level:\n\n  > Error: connect ECONNREFUSED 127.0.0.1:5173\n\nCommon situations why this would fail:\n  - you don't have internet access\n  - you forgot to run / boot your web server\n  - your web server isn't accessible\n  - you have weird network configuration settings on your computer\n    at <unknown> (http://localhost:37679/__cypress/runner/cypress_runner.js:130312:74)\n    at visitFailedByErr (http://localhost:37679/__cypress/runner/cypress_runner.js:129704:12)\n    at <unknown> (http://localhost:37679/__cypress/runner/cypress_runner.js:130311:11)\n    at tryCatcher (http://localhost:37679/__cypress/runner/cypress_runner.js:1807:23)\n    at Promise._settlePromiseFromHandler (http://localhost:37679/__cypress/runner/cypress_runner.js:1519:31)\n    at Promise._settlePromise (http://localhost:37679/__cypress/runner/cypress_runner.js:1576:18)\n    at Promise._settlePromise0 (http://localhost:37679/__cypress/runner/cypress_runner.js:1621:10)\n    at Promise._settlePromises (http://localhost:37679/__cypress/runner/cypress_runner.js:1697:18)\n    at _drainQueueStep (http://localhost:37679/__cypress/runner/cypress_runner.js:2407:12)\n    at _drainQueue (http://localhost:37679/__cypress/runner/cypress_runner.js:2400:9)\n    at Async._drainQueues (http://localhost:37679/__cypress/runner/cypress_runner.js:2416:5)\n    at Async.drainQueues (http://localhost:37679/__cypress/runner/cypress_runner.js:2286:14)\nFrom Your Spec Code:\n    at setup (webpack://blogger/./cypress/e2e/App.cy.js:4:5)\n    at eval (webpack://blogger/./cypress/e2e/App.cy.js:72:6)\nat Array.forEach (<anonymous>)\n    at Context.eval (webpack://blogger/./cypress/e2e/App.cy.js:71:10)\n\nFrom Node.js Internals:\n  Error: connect ECONNREFUSED 127.0.0.1:5173\n      at TCPConnectWrap.afterConnect [as oncomplete] (node:net:1187:16)",
                "diff": null
              },
              "uuid": "b11be916-653b-4c75-bdb8-627e717d368b",
              "parentUUID": "e92cbd75-032a-4659-aff4-3204a8a2b542",
              "isHook": false,
              "skipped": false
            }
          ],
          "suites": [],
          "passes": [],
          "failures": [
            "3b45702f-9241-4ce8-b61d-c8cfdf63ef72",
            "b11be916-653b-4c75-bdb8-627e717d368b"
          ],
          "pending": [],
          "skipped": [],
          "duration": 1103,
          "root": false,
          "rootEmpty": false,
          "_timeout": 2000
        }
      ],
      "passes": [],
      "failures": [],
      "pending": [],
      "skipped": [],
      "duration": 0,
      "root": true,
      "rootEmpty": true,
      "_timeout": 2000
    }
  ],
  "meta": {
    "mocha": {
      "version": "7.0.1"
    },
    "mochawesome": {
      "options": {
        "quiet": false,
        "reportFilename": "mochawesome",
        "saveHtml": false,
        "saveJson": true,
        "consoleReporter": "spec",
        "useInlineDiffs": false,
        "code": true
      },
      "version": "7.1.3"
    },
    "marge": {
      "options": {
        "id": "default",
        "reportDir": "cypress/reports",
        "overwrite": false,
        "html": false,
        "json": true
      },
      "version": "6.2.0"
    }
  }
}